-- Found ament_cmake: 2.5.3 (/opt/ros/jazzy/share/ament_cmake/cmake)
-- Found rclcpp: 28.1.6 (/opt/ros/jazzy/share/rclcpp/cmake)
-- Found rosidl_generator_c: 4.6.5 (/opt/ros/jazzy/share/rosidl_generator_c/cmake)
-- Found rosidl_generator_cpp: 4.6.5 (/opt/ros/jazzy/share/rosidl_generator_cpp/cmake)
-- Using all available rosidl_typesupport_c: rosidl_typesupport_fastrtps_c;rosidl_typesupport_introspection_c
-- Using all available rosidl_typesupport_cpp: rosidl_typesupport_fastrtps_cpp;rosidl_typesupport_introspection_cpp
-- Found rmw_implementation_cmake: 7.3.1 (/opt/ros/jazzy/share/rmw_implementation_cmake/cmake)
-- Found rmw_fastrtps_cpp: 8.4.1 (/opt/ros/jazzy/share/rmw_fastrtps_cpp/cmake)
-- Using RMW implementation 'rmw_fastrtps_cpp' as default
-- Configuring done (0.9s)
-- Generating done (0.0s)
-- Build files have been written to: /home/vhorvat/Documents/ros2_ws/src/dynamixel_mx64_control/build/dynamixel_mx64_control
[ 50%] [32mBuilding CXX object CMakeFiles/dynamixel_control_node.dir/src/dynamixel_control_node.cpp.o[0m
[100%] [32m[1mLinking CXX executable dynamixel_control_node[0m
[100%] Built target dynamixel_control_node
-- Install configuration: ""
-- Installing: /home/vhorvat/Documents/ros2_ws/src/dynamixel_mx64_control/install/dynamixel_mx64_control/lib/dynamixel_mx64_control/dynamixel_control_node
-- Set non-toolchain portion of runtime path of "/home/vhorvat/Documents/ros2_ws/src/dynamixel_mx64_control/install/dynamixel_mx64_control/lib/dynamixel_mx64_control/dynamixel_control_node" to ""
-- Up-to-date: /home/vhorvat/Documents/ros2_ws/src/dynamixel_mx64_control/install/dynamixel_mx64_control/share/ament_index/resource_index/package_run_dependencies/dynamixel_mx64_control
-- Up-to-date: /home/vhorvat/Documents/ros2_ws/src/dynamixel_mx64_control/install/dynamixel_mx64_control/share/ament_index/resource_index/parent_prefix_path/dynamixel_mx64_control
-- Up-to-date: /home/vhorvat/Documents/ros2_ws/src/dynamixel_mx64_control/install/dynamixel_mx64_control/share/dynamixel_mx64_control/environment/ament_prefix_path.sh
-- Up-to-date: /home/vhorvat/Documents/ros2_ws/src/dynamixel_mx64_control/install/dynamixel_mx64_control/share/dynamixel_mx64_control/environment/ament_prefix_path.dsv
-- Up-to-date: /home/vhorvat/Documents/ros2_ws/src/dynamixel_mx64_control/install/dynamixel_mx64_control/share/dynamixel_mx64_control/environment/path.sh
-- Up-to-date: /home/vhorvat/Documents/ros2_ws/src/dynamixel_mx64_control/install/dynamixel_mx64_control/share/dynamixel_mx64_control/environment/path.dsv
-- Up-to-date: /home/vhorvat/Documents/ros2_ws/src/dynamixel_mx64_control/install/dynamixel_mx64_control/share/dynamixel_mx64_control/local_setup.bash
-- Up-to-date: /home/vhorvat/Documents/ros2_ws/src/dynamixel_mx64_control/install/dynamixel_mx64_control/share/dynamixel_mx64_control/local_setup.sh
-- Up-to-date: /home/vhorvat/Documents/ros2_ws/src/dynamixel_mx64_control/install/dynamixel_mx64_control/share/dynamixel_mx64_control/local_setup.zsh
-- Up-to-date: /home/vhorvat/Documents/ros2_ws/src/dynamixel_mx64_control/install/dynamixel_mx64_control/share/dynamixel_mx64_control/local_setup.dsv
-- Installing: /home/vhorvat/Documents/ros2_ws/src/dynamixel_mx64_control/install/dynamixel_mx64_control/share/dynamixel_mx64_control/package.dsv
-- Up-to-date: /home/vhorvat/Documents/ros2_ws/src/dynamixel_mx64_control/install/dynamixel_mx64_control/share/ament_index/resource_index/packages/dynamixel_mx64_control
-- Up-to-date: /home/vhorvat/Documents/ros2_ws/src/dynamixel_mx64_control/install/dynamixel_mx64_control/share/dynamixel_mx64_control/cmake/dynamixel_mx64_controlConfig.cmake
-- Up-to-date: /home/vhorvat/Documents/ros2_ws/src/dynamixel_mx64_control/install/dynamixel_mx64_control/share/dynamixel_mx64_control/cmake/dynamixel_mx64_controlConfig-version.cmake
-- Installing: /home/vhorvat/Documents/ros2_ws/src/dynamixel_mx64_control/install/dynamixel_mx64_control/share/dynamixel_mx64_control/package.xml
