[0.018s] Invoking command in '/home/vhorvat/Documents/ros2_ws/src/dynamixel_mx64_control/build/dynamixel_mx64_control': CMAKE_PREFIX_PATH=${CMAKE_PREFIX_PATH}:/opt/ros/jazzy DEBUGINFOD_URLS=https://debuginfod.ubuntu.com /usr/bin/cmake --build /home/vhorvat/Documents/ros2_ws/src/dynamixel_mx64_control/build/dynamixel_mx64_control -- -j16 -l16
[0.062s] -- Found ament_cmake: 2.5.3 (/opt/ros/jazzy/share/ament_cmake/cmake)
[0.402s] -- Found rclcpp: 28.1.6 (/opt/ros/jazzy/share/rclcpp/cmake)
[0.446s] -- Found rosidl_generator_c: 4.6.5 (/opt/ros/jazzy/share/rosidl_generator_c/cmake)
[0.460s] -- Found rosidl_generator_cpp: 4.6.5 (/opt/ros/jazzy/share/rosidl_generator_cpp/cmake)
[0.478s] -- Using all available rosidl_typesupport_c: rosidl_typesupport_fastrtps_c;rosidl_typesupport_introspection_c
[0.498s] -- Using all available rosidl_typesupport_cpp: rosidl_typesupport_fastrtps_cpp;rosidl_typesupport_introspection_cpp
[0.597s] -- Found rmw_implementation_cmake: 7.3.1 (/opt/ros/jazzy/share/rmw_implementation_cmake/cmake)
[0.599s] -- Found rmw_fastrtps_cpp: 8.4.1 (/opt/ros/jazzy/share/rmw_fastrtps_cpp/cmake)
[0.703s] -- Using RMW implementation 'rmw_fastrtps_cpp' as default
[0.948s] -- Configuring done (0.9s)
[0.966s] -- Generating done (0.0s)
[0.972s] -- Build files have been written to: /home/vhorvat/Documents/ros2_ws/src/dynamixel_mx64_control/build/dynamixel_mx64_control
[1.041s] [ 50%] [32mBuilding CXX object CMakeFiles/dynamixel_control_node.dir/src/dynamixel_control_node.cpp.o[0m
[5.280s] [100%] [32m[1mLinking CXX executable dynamixel_control_node[0m
[5.460s] [100%] Built target dynamixel_control_node
[5.481s] Invoked command in '/home/vhorvat/Documents/ros2_ws/src/dynamixel_mx64_control/build/dynamixel_mx64_control' returned '0': CMAKE_PREFIX_PATH=${CMAKE_PREFIX_PATH}:/opt/ros/jazzy DEBUGINFOD_URLS=https://debuginfod.ubuntu.com /usr/bin/cmake --build /home/vhorvat/Documents/ros2_ws/src/dynamixel_mx64_control/build/dynamixel_mx64_control -- -j16 -l16
[5.500s] Invoking command in '/home/vhorvat/Documents/ros2_ws/src/dynamixel_mx64_control/build/dynamixel_mx64_control': CMAKE_PREFIX_PATH=${CMAKE_PREFIX_PATH}:/opt/ros/jazzy DEBUGINFOD_URLS=https://debuginfod.ubuntu.com /usr/bin/cmake --install /home/vhorvat/Documents/ros2_ws/src/dynamixel_mx64_control/build/dynamixel_mx64_control
[5.512s] -- Install configuration: ""
[5.513s] -- Installing: /home/vhorvat/Documents/ros2_ws/src/dynamixel_mx64_control/install/dynamixel_mx64_control/lib/dynamixel_mx64_control/dynamixel_control_node
[5.514s] -- Set non-toolchain portion of runtime path of "/home/vhorvat/Documents/ros2_ws/src/dynamixel_mx64_control/install/dynamixel_mx64_control/lib/dynamixel_mx64_control/dynamixel_control_node" to ""
[5.514s] -- Up-to-date: /home/vhorvat/Documents/ros2_ws/src/dynamixel_mx64_control/install/dynamixel_mx64_control/share/ament_index/resource_index/package_run_dependencies/dynamixel_mx64_control
[5.515s] -- Up-to-date: /home/vhorvat/Documents/ros2_ws/src/dynamixel_mx64_control/install/dynamixel_mx64_control/share/ament_index/resource_index/parent_prefix_path/dynamixel_mx64_control
[5.515s] -- Up-to-date: /home/vhorvat/Documents/ros2_ws/src/dynamixel_mx64_control/install/dynamixel_mx64_control/share/dynamixel_mx64_control/environment/ament_prefix_path.sh
[5.515s] -- Up-to-date: /home/vhorvat/Documents/ros2_ws/src/dynamixel_mx64_control/install/dynamixel_mx64_control/share/dynamixel_mx64_control/environment/ament_prefix_path.dsv
[5.515s] -- Up-to-date: /home/vhorvat/Documents/ros2_ws/src/dynamixel_mx64_control/install/dynamixel_mx64_control/share/dynamixel_mx64_control/environment/path.sh
[5.515s] -- Up-to-date: /home/vhorvat/Documents/ros2_ws/src/dynamixel_mx64_control/install/dynamixel_mx64_control/share/dynamixel_mx64_control/environment/path.dsv
[5.515s] -- Up-to-date: /home/vhorvat/Documents/ros2_ws/src/dynamixel_mx64_control/install/dynamixel_mx64_control/share/dynamixel_mx64_control/local_setup.bash
[5.516s] -- Up-to-date: /home/vhorvat/Documents/ros2_ws/src/dynamixel_mx64_control/install/dynamixel_mx64_control/share/dynamixel_mx64_control/local_setup.sh
[5.516s] -- Up-to-date: /home/vhorvat/Documents/ros2_ws/src/dynamixel_mx64_control/install/dynamixel_mx64_control/share/dynamixel_mx64_control/local_setup.zsh
[5.516s] -- Up-to-date: /home/vhorvat/Documents/ros2_ws/src/dynamixel_mx64_control/install/dynamixel_mx64_control/share/dynamixel_mx64_control/local_setup.dsv
[5.516s] -- Installing: /home/vhorvat/Documents/ros2_ws/src/dynamixel_mx64_control/install/dynamixel_mx64_control/share/dynamixel_mx64_control/package.dsv
[5.516s] -- Up-to-date: /home/vhorvat/Documents/ros2_ws/src/dynamixel_mx64_control/install/dynamixel_mx64_control/share/ament_index/resource_index/packages/dynamixel_mx64_control
[5.516s] -- Up-to-date: /home/vhorvat/Documents/ros2_ws/src/dynamixel_mx64_control/install/dynamixel_mx64_control/share/dynamixel_mx64_control/cmake/dynamixel_mx64_controlConfig.cmake
[5.516s] -- Up-to-date: /home/vhorvat/Documents/ros2_ws/src/dynamixel_mx64_control/install/dynamixel_mx64_control/share/dynamixel_mx64_control/cmake/dynamixel_mx64_controlConfig-version.cmake
[5.516s] -- Installing: /home/vhorvat/Documents/ros2_ws/src/dynamixel_mx64_control/install/dynamixel_mx64_control/share/dynamixel_mx64_control/package.xml
[5.520s] Invoked command in '/home/vhorvat/Documents/ros2_ws/src/dynamixel_mx64_control/build/dynamixel_mx64_control' returned '0': CMAKE_PREFIX_PATH=${CMAKE_PREFIX_PATH}:/opt/ros/jazzy DEBUGINFOD_URLS=https://debuginfod.ubuntu.com /usr/bin/cmake --install /home/vhorvat/Documents/ros2_ws/src/dynamixel_mx64_control/build/dynamixel_mx64_control
