-- The C compiler identification is GNU 13.3.0
-- The CXX compiler identification is GNU 13.3.0
-- Detecting C compiler ABI info
-- Detecting C compiler ABI info - done
-- Check for working C compiler: /usr/bin/cc - skipped
-- Detecting C compile features
-- Detecting C compile features - done
-- Detecting CXX compiler ABI info
-- Detecting CXX compiler ABI info - done
-- Check for working CXX compiler: /usr/bin/c++ - skipped
-- Detecting CXX compile features
-- Detecting CXX compile features - done
-- Found ament_cmake: 2.5.3 (/opt/ros/jazzy/share/ament_cmake/cmake)
-- Found Python3: /usr/bin/python3 (found version "3.12.3") found components: Interpreter 
-- Found rclcpp: 28.1.6 (/opt/ros/jazzy/share/rclcpp/cmake)
-- Found rosidl_generator_c: 4.6.5 (/opt/ros/jazzy/share/rosidl_generator_c/cmake)
-- Found rosidl_generator_cpp: 4.6.5 (/opt/ros/jazzy/share/rosidl_generator_cpp/cmake)
-- Using all available rosidl_typesupport_c: rosidl_typesupport_fastrtps_c;rosidl_typesupport_introspection_c
-- Using all available rosidl_typesupport_cpp: rosidl_typesupport_fastrtps_cpp;rosidl_typesupport_introspection_cpp
-- Found rmw_implementation_cmake: 7.3.1 (/opt/ros/jazzy/share/rmw_implementation_cmake/cmake)
-- Found rmw_fastrtps_cpp: 8.4.1 (/opt/ros/jazzy/share/rmw_fastrtps_cpp/cmake)
-- Found OpenSSL: /usr/lib/x86_64-linux-gnu/libcrypto.so (found version "3.0.13")  
-- Found FastRTPS: /opt/ros/jazzy/include (Required is at least version "2.13") 
-- Using RMW implementation 'rmw_fastrtps_cpp' as default
-- Configuring done (1.7s)
-- Generating done (0.0s)
-- Build files have been written to: /home/vhorvat/Documents/master_thesis/ros2_ws/build/dynamixel_mx64_control
[ 50%] [32mBuilding CXX object CMakeFiles/dynamixel_control_node.dir/src/dynamixel_control_node.cpp.o[0m
[100%] [32m[1mLinking CXX executable dynamixel_control_node[0m
[100%] Built target dynamixel_control_node
-- Install configuration: ""
-- Installing: /home/vhorvat/Documents/master_thesis/ros2_ws/install/dynamixel_mx64_control/lib/dynamixel_mx64_control/dynamixel_control_node
-- Set non-toolchain portion of runtime path of "/home/vhorvat/Documents/master_thesis/ros2_ws/install/dynamixel_mx64_control/lib/dynamixel_mx64_control/dynamixel_control_node" to ""
-- Installing: /home/vhorvat/Documents/master_thesis/ros2_ws/install/dynamixel_mx64_control/share/ament_index/resource_index/package_run_dependencies/dynamixel_mx64_control
-- Installing: /home/vhorvat/Documents/master_thesis/ros2_ws/install/dynamixel_mx64_control/share/ament_index/resource_index/parent_prefix_path/dynamixel_mx64_control
-- Installing: /home/vhorvat/Documents/master_thesis/ros2_ws/install/dynamixel_mx64_control/share/dynamixel_mx64_control/environment/ament_prefix_path.sh
-- Installing: /home/vhorvat/Documents/master_thesis/ros2_ws/install/dynamixel_mx64_control/share/dynamixel_mx64_control/environment/ament_prefix_path.dsv
-- Installing: /home/vhorvat/Documents/master_thesis/ros2_ws/install/dynamixel_mx64_control/share/dynamixel_mx64_control/environment/path.sh
-- Installing: /home/vhorvat/Documents/master_thesis/ros2_ws/install/dynamixel_mx64_control/share/dynamixel_mx64_control/environment/path.dsv
-- Installing: /home/vhorvat/Documents/master_thesis/ros2_ws/install/dynamixel_mx64_control/share/dynamixel_mx64_control/local_setup.bash
-- Installing: /home/vhorvat/Documents/master_thesis/ros2_ws/install/dynamixel_mx64_control/share/dynamixel_mx64_control/local_setup.sh
-- Installing: /home/vhorvat/Documents/master_thesis/ros2_ws/install/dynamixel_mx64_control/share/dynamixel_mx64_control/local_setup.zsh
-- Installing: /home/vhorvat/Documents/master_thesis/ros2_ws/install/dynamixel_mx64_control/share/dynamixel_mx64_control/local_setup.dsv
-- Installing: /home/vhorvat/Documents/master_thesis/ros2_ws/install/dynamixel_mx64_control/share/dynamixel_mx64_control/package.dsv
-- Installing: /home/vhorvat/Documents/master_thesis/ros2_ws/install/dynamixel_mx64_control/share/ament_index/resource_index/packages/dynamixel_mx64_control
-- Installing: /home/vhorvat/Documents/master_thesis/ros2_ws/install/dynamixel_mx64_control/share/dynamixel_mx64_control/cmake/dynamixel_mx64_controlConfig.cmake
-- Installing: /home/vhorvat/Documents/master_thesis/ros2_ws/install/dynamixel_mx64_control/share/dynamixel_mx64_control/cmake/dynamixel_mx64_controlConfig-version.cmake
-- Installing: /home/vhorvat/Documents/master_thesis/ros2_ws/install/dynamixel_mx64_control/share/dynamixel_mx64_control/package.xml
