[0.114s] DEBUG:colcon:Command line arguments: ['/usr/bin/colcon', 'build']
[0.114s] DEBUG:colcon:Parsed command line arguments: Namespace(log_base=None, log_level=None, verb_name='build', build_base='build', install_base='install', merge_install=False, symlink_install=False, test_result_base=None, continue_on_error=False, executor='parallel', parallel_workers=16, event_handlers=None, ignore_user_meta=False, metas=['./colcon.meta'], base_paths=['.'], packages_ignore=None, packages_ignore_regex=None, paths=None, packages_up_to=None, packages_up_to_regex=None, packages_above=None, packages_above_and_dependencies=None, packages_above_depth=None, packages_select_by_dep=None, packages_skip_by_dep=None, packages_skip_up_to=None, packages_select_build_failed=False, packages_skip_build_finished=False, packages_select_test_failures=False, packages_skip_test_passed=False, packages_select=None, packages_skip=None, packages_select_regex=None, packages_skip_regex=None, packages_start=None, packages_end=None, allow_overriding=[], cmake_args=None, cmake_target=None, cmake_target_skip_unavailable=False, cmake_clean_cache=False, cmake_clean_first=False, cmake_force_configure=False, ament_cmake_args=None, catkin_cmake_args=None, catkin_skip_building_tests=False, mixin_files=None, mixin=None, verb_parser=<colcon_mixin.mixin.mixin_argument.MixinArgumentDecorator object at 0x7c531127efc0>, verb_extension=<colcon_core.verb.build.BuildVerb object at 0x7c53113aec90>, main=<bound method BuildVerb.main of <colcon_core.verb.build.BuildVerb object at 0x7c53113aec90>>, mixin_verb=('build',))
[0.162s] Level 1:colcon.colcon_core.package_discovery:discover_packages(colcon_meta) check parameters
[0.162s] Level 1:colcon.colcon_core.package_discovery:discover_packages(recursive) check parameters
[0.162s] Level 1:colcon.colcon_core.package_discovery:discover_packages(ignore) check parameters
[0.162s] Level 1:colcon.colcon_core.package_discovery:discover_packages(path) check parameters
[0.162s] Level 1:colcon.colcon_core.package_discovery:discover_packages(colcon_meta) discover
[0.162s] Level 1:colcon.colcon_core.package_discovery:discover_packages(recursive) discover
[0.162s] INFO:colcon.colcon_core.package_discovery:Crawling recursively for packages in '/home/vhorvat/Documents/ros2_ws/src'
[0.162s] Level 1:colcon.colcon_core.package_identification:_identify(.) by extensions ['ignore', 'ignore_ament_install']
[0.162s] Level 1:colcon.colcon_core.package_identification:_identify(.) by extension 'ignore'
[0.163s] Level 1:colcon.colcon_core.package_identification:_identify(.) by extension 'ignore_ament_install'
[0.163s] Level 1:colcon.colcon_core.package_identification:_identify(.) by extensions ['colcon_pkg']
[0.163s] Level 1:colcon.colcon_core.package_identification:_identify(.) by extension 'colcon_pkg'
[0.163s] Level 1:colcon.colcon_core.package_identification:_identify(.) by extensions ['colcon_meta']
[0.163s] Level 1:colcon.colcon_core.package_identification:_identify(.) by extension 'colcon_meta'
[0.163s] Level 1:colcon.colcon_core.package_identification:_identify(.) by extensions ['ros']
[0.163s] Level 1:colcon.colcon_core.package_identification:_identify(.) by extension 'ros'
[0.187s] Level 1:colcon.colcon_core.package_identification:_identify(.) by extensions ['cmake', 'python']
[0.187s] Level 1:colcon.colcon_core.package_identification:_identify(.) by extension 'cmake'
[0.187s] Level 1:colcon.colcon_core.package_identification:_identify(.) by extension 'python'
[0.187s] Level 1:colcon.colcon_core.package_identification:_identify(.) by extensions ['python_setup_py']
[0.187s] Level 1:colcon.colcon_core.package_identification:_identify(.) by extension 'python_setup_py'
[0.187s] Level 1:colcon.colcon_core.package_identification:_identify(build) by extensions ['ignore', 'ignore_ament_install']
[0.187s] Level 1:colcon.colcon_core.package_identification:_identify(build) by extension 'ignore'
[0.187s] Level 1:colcon.colcon_core.package_identification:_identify(build) ignored
[0.187s] Level 1:colcon.colcon_core.package_identification:_identify(dynamixel_mx64_control) by extensions ['ignore', 'ignore_ament_install']
[0.187s] Level 1:colcon.colcon_core.package_identification:_identify(dynamixel_mx64_control) by extension 'ignore'
[0.187s] Level 1:colcon.colcon_core.package_identification:_identify(dynamixel_mx64_control) by extension 'ignore_ament_install'
[0.188s] Level 1:colcon.colcon_core.package_identification:_identify(dynamixel_mx64_control) by extensions ['colcon_pkg']
[0.188s] Level 1:colcon.colcon_core.package_identification:_identify(dynamixel_mx64_control) by extension 'colcon_pkg'
[0.188s] Level 1:colcon.colcon_core.package_identification:_identify(dynamixel_mx64_control) by extensions ['colcon_meta']
[0.188s] Level 1:colcon.colcon_core.package_identification:_identify(dynamixel_mx64_control) by extension 'colcon_meta'
[0.188s] Level 1:colcon.colcon_core.package_identification:_identify(dynamixel_mx64_control) by extensions ['ros']
[0.188s] Level 1:colcon.colcon_core.package_identification:_identify(dynamixel_mx64_control) by extension 'ros'
[0.190s] DEBUG:colcon.colcon_core.package_identification:Package 'dynamixel_mx64_control' with type 'ros.ament_cmake' and name 'dynamixel_mx64_control'
[0.190s] Level 1:colcon.colcon_core.package_identification:_identify(install) by extensions ['ignore', 'ignore_ament_install']
[0.190s] Level 1:colcon.colcon_core.package_identification:_identify(install) by extension 'ignore'
[0.190s] Level 1:colcon.colcon_core.package_identification:_identify(install) ignored
[0.190s] Level 1:colcon.colcon_core.package_identification:_identify(log) by extensions ['ignore', 'ignore_ament_install']
[0.190s] Level 1:colcon.colcon_core.package_identification:_identify(log) by extension 'ignore'
[0.190s] Level 1:colcon.colcon_core.package_identification:_identify(log) ignored
[0.190s] Level 1:colcon.colcon_core.package_identification:_identify(test_node) by extensions ['ignore', 'ignore_ament_install']
[0.191s] Level 1:colcon.colcon_core.package_identification:_identify(test_node) by extension 'ignore'
[0.191s] Level 1:colcon.colcon_core.package_identification:_identify(test_node) by extension 'ignore_ament_install'
[0.191s] Level 1:colcon.colcon_core.package_identification:_identify(test_node) by extensions ['colcon_pkg']
[0.191s] Level 1:colcon.colcon_core.package_identification:_identify(test_node) by extension 'colcon_pkg'
[0.191s] Level 1:colcon.colcon_core.package_identification:_identify(test_node) by extensions ['colcon_meta']
[0.191s] Level 1:colcon.colcon_core.package_identification:_identify(test_node) by extension 'colcon_meta'
[0.191s] Level 1:colcon.colcon_core.package_identification:_identify(test_node) by extensions ['ros']
[0.191s] Level 1:colcon.colcon_core.package_identification:_identify(test_node) by extension 'ros'
[0.191s] DEBUG:colcon.colcon_core.package_identification:Package 'test_node' with type 'ros.ament_cmake' and name 'test_node'
[0.191s] Level 1:colcon.colcon_core.package_discovery:discover_packages(recursive) using defaults
[0.191s] Level 1:colcon.colcon_core.package_discovery:discover_packages(ignore) discover
[0.191s] Level 1:colcon.colcon_core.package_discovery:discover_packages(ignore) using defaults
[0.191s] Level 1:colcon.colcon_core.package_discovery:discover_packages(path) discover
[0.191s] Level 1:colcon.colcon_core.package_discovery:discover_packages(path) using defaults
[0.209s] Level 1:colcon.colcon_core.package_discovery:discover_packages(prefix_path) check parameters
[0.209s] Level 1:colcon.colcon_core.package_discovery:discover_packages(prefix_path) discover
[0.212s] DEBUG:colcon.colcon_installed_package_information.package_discovery:Found 2 installed packages in /home/vhorvat/Documents/ros2_ws/install
[0.214s] DEBUG:colcon.colcon_installed_package_information.package_discovery:Found 285 installed packages in /opt/ros/jazzy
[0.214s] Level 1:colcon.colcon_core.package_discovery:discover_packages(prefix_path) using defaults
[0.246s] Level 5:colcon.colcon_core.verb:set package 'dynamixel_mx64_control' build argument 'cmake_args' from command line to 'None'
[0.246s] Level 5:colcon.colcon_core.verb:set package 'dynamixel_mx64_control' build argument 'cmake_target' from command line to 'None'
[0.246s] Level 5:colcon.colcon_core.verb:set package 'dynamixel_mx64_control' build argument 'cmake_target_skip_unavailable' from command line to 'False'
[0.246s] Level 5:colcon.colcon_core.verb:set package 'dynamixel_mx64_control' build argument 'cmake_clean_cache' from command line to 'False'
[0.246s] Level 5:colcon.colcon_core.verb:set package 'dynamixel_mx64_control' build argument 'cmake_clean_first' from command line to 'False'
[0.246s] Level 5:colcon.colcon_core.verb:set package 'dynamixel_mx64_control' build argument 'cmake_force_configure' from command line to 'False'
[0.246s] Level 5:colcon.colcon_core.verb:set package 'dynamixel_mx64_control' build argument 'ament_cmake_args' from command line to 'None'
[0.246s] Level 5:colcon.colcon_core.verb:set package 'dynamixel_mx64_control' build argument 'catkin_cmake_args' from command line to 'None'
[0.246s] Level 5:colcon.colcon_core.verb:set package 'dynamixel_mx64_control' build argument 'catkin_skip_building_tests' from command line to 'False'
[0.246s] DEBUG:colcon.colcon_core.verb:Building package 'dynamixel_mx64_control' with the following arguments: {'ament_cmake_args': None, 'build_base': '/home/vhorvat/Documents/ros2_ws/src/build/dynamixel_mx64_control', 'catkin_cmake_args': None, 'catkin_skip_building_tests': False, 'cmake_args': None, 'cmake_clean_cache': False, 'cmake_clean_first': False, 'cmake_force_configure': False, 'cmake_target': None, 'cmake_target_skip_unavailable': False, 'install_base': '/home/vhorvat/Documents/ros2_ws/src/install/dynamixel_mx64_control', 'merge_install': False, 'path': '/home/vhorvat/Documents/ros2_ws/src/dynamixel_mx64_control', 'symlink_install': False, 'test_result_base': None}
[0.246s] Level 5:colcon.colcon_core.verb:set package 'test_node' build argument 'cmake_args' from command line to 'None'
[0.247s] Level 5:colcon.colcon_core.verb:set package 'test_node' build argument 'cmake_target' from command line to 'None'
[0.247s] Level 5:colcon.colcon_core.verb:set package 'test_node' build argument 'cmake_target_skip_unavailable' from command line to 'False'
[0.247s] Level 5:colcon.colcon_core.verb:set package 'test_node' build argument 'cmake_clean_cache' from command line to 'False'
[0.247s] Level 5:colcon.colcon_core.verb:set package 'test_node' build argument 'cmake_clean_first' from command line to 'False'
[0.247s] Level 5:colcon.colcon_core.verb:set package 'test_node' build argument 'cmake_force_configure' from command line to 'False'
[0.247s] Level 5:colcon.colcon_core.verb:set package 'test_node' build argument 'ament_cmake_args' from command line to 'None'
[0.247s] Level 5:colcon.colcon_core.verb:set package 'test_node' build argument 'catkin_cmake_args' from command line to 'None'
[0.247s] Level 5:colcon.colcon_core.verb:set package 'test_node' build argument 'catkin_skip_building_tests' from command line to 'False'
[0.247s] DEBUG:colcon.colcon_core.verb:Building package 'test_node' with the following arguments: {'ament_cmake_args': None, 'build_base': '/home/vhorvat/Documents/ros2_ws/src/build/test_node', 'catkin_cmake_args': None, 'catkin_skip_building_tests': False, 'cmake_args': None, 'cmake_clean_cache': False, 'cmake_clean_first': False, 'cmake_force_configure': False, 'cmake_target': None, 'cmake_target_skip_unavailable': False, 'install_base': '/home/vhorvat/Documents/ros2_ws/src/install/test_node', 'merge_install': False, 'path': '/home/vhorvat/Documents/ros2_ws/src/test_node', 'symlink_install': False, 'test_result_base': None}
[0.247s] INFO:colcon.colcon_core.executor:Executing jobs using 'parallel' executor
[0.247s] DEBUG:colcon.colcon_parallel_executor.executor.parallel:run_until_complete
[0.248s] INFO:colcon.colcon_ros.task.ament_cmake.build:Building ROS package in '/home/vhorvat/Documents/ros2_ws/src/dynamixel_mx64_control' with build type 'ament_cmake'
[0.248s] INFO:colcon.colcon_cmake.task.cmake.build:Building CMake package in '/home/vhorvat/Documents/ros2_ws/src/dynamixel_mx64_control'
[0.251s] INFO:colcon.colcon_core.plugin_system:Skipping extension 'colcon_core.shell.bat': Not used on non-Windows systems
[0.251s] INFO:colcon.colcon_core.shell:Skip shell extension 'powershell' for command environment: Not usable outside of PowerShell
[0.251s] DEBUG:colcon.colcon_core.shell:Skip shell extension 'dsv' for command environment
[0.254s] INFO:colcon.colcon_ros.task.ament_cmake.build:Building ROS package in '/home/vhorvat/Documents/ros2_ws/src/test_node' with build type 'ament_cmake'
[0.255s] INFO:colcon.colcon_cmake.task.cmake.build:Building CMake package in '/home/vhorvat/Documents/ros2_ws/src/test_node'
[0.255s] INFO:colcon.colcon_core.shell:Skip shell extension 'powershell' for command environment: Not usable outside of PowerShell
[0.255s] DEBUG:colcon.colcon_core.shell:Skip shell extension 'dsv' for command environment
[0.261s] DEBUG:colcon.colcon_core.event_handler.log_command:Invoking command in '/home/vhorvat/Documents/ros2_ws/src/build/dynamixel_mx64_control': CMAKE_PREFIX_PATH=${CMAKE_PREFIX_PATH}:/opt/ros/jazzy DEBUGINFOD_URLS=https://debuginfod.ubuntu.com /usr/bin/cmake /home/vhorvat/Documents/ros2_ws/src/dynamixel_mx64_control -DCMAKE_INSTALL_PREFIX=/home/vhorvat/Documents/ros2_ws/src/install/dynamixel_mx64_control
[0.266s] DEBUG:colcon.colcon_core.event_handler.log_command:Invoking command in '/home/vhorvat/Documents/ros2_ws/src/build/test_node': CMAKE_PREFIX_PATH=${CMAKE_PREFIX_PATH}:/opt/ros/jazzy DEBUGINFOD_URLS=https://debuginfod.ubuntu.com /usr/bin/cmake /home/vhorvat/Documents/ros2_ws/src/test_node -DCMAKE_INSTALL_PREFIX=/home/vhorvat/Documents/ros2_ws/src/install/test_node
[1.244s] DEBUG:colcon.colcon_core.event_handler.log_command:Invoked command in '/home/vhorvat/Documents/ros2_ws/src/build/test_node' returned '0': CMAKE_PREFIX_PATH=${CMAKE_PREFIX_PATH}:/opt/ros/jazzy DEBUGINFOD_URLS=https://debuginfod.ubuntu.com /usr/bin/cmake /home/vhorvat/Documents/ros2_ws/src/test_node -DCMAKE_INSTALL_PREFIX=/home/vhorvat/Documents/ros2_ws/src/install/test_node
[1.244s] DEBUG:colcon.colcon_core.event_handler.log_command:Invoking command in '/home/vhorvat/Documents/ros2_ws/src/build/test_node': CMAKE_PREFIX_PATH=${CMAKE_PREFIX_PATH}:/opt/ros/jazzy DEBUGINFOD_URLS=https://debuginfod.ubuntu.com /usr/bin/cmake --build /home/vhorvat/Documents/ros2_ws/src/build/test_node -- -j16 -l16
[1.245s] DEBUG:colcon.colcon_core.event_handler.log_command:Invoked command in '/home/vhorvat/Documents/ros2_ws/src/build/dynamixel_mx64_control' returned '0': CMAKE_PREFIX_PATH=${CMAKE_PREFIX_PATH}:/opt/ros/jazzy DEBUGINFOD_URLS=https://debuginfod.ubuntu.com /usr/bin/cmake /home/vhorvat/Documents/ros2_ws/src/dynamixel_mx64_control -DCMAKE_INSTALL_PREFIX=/home/vhorvat/Documents/ros2_ws/src/install/dynamixel_mx64_control
[1.245s] DEBUG:colcon.colcon_core.event_handler.log_command:Invoking command in '/home/vhorvat/Documents/ros2_ws/src/build/dynamixel_mx64_control': CMAKE_PREFIX_PATH=${CMAKE_PREFIX_PATH}:/opt/ros/jazzy DEBUGINFOD_URLS=https://debuginfod.ubuntu.com /usr/bin/cmake --build /home/vhorvat/Documents/ros2_ws/src/build/dynamixel_mx64_control -- -j16 -l16
[3.705s] DEBUG:colcon.colcon_core.event_handler.log_command:Invoked command in '/home/vhorvat/Documents/ros2_ws/src/build/test_node' returned '0': CMAKE_PREFIX_PATH=${CMAKE_PREFIX_PATH}:/opt/ros/jazzy DEBUGINFOD_URLS=https://debuginfod.ubuntu.com /usr/bin/cmake --build /home/vhorvat/Documents/ros2_ws/src/build/test_node -- -j16 -l16
[3.714s] DEBUG:colcon.colcon_core.event_handler.log_command:Invoking command in '/home/vhorvat/Documents/ros2_ws/src/build/test_node': CMAKE_PREFIX_PATH=${CMAKE_PREFIX_PATH}:/opt/ros/jazzy DEBUGINFOD_URLS=https://debuginfod.ubuntu.com /usr/bin/cmake --install /home/vhorvat/Documents/ros2_ws/src/build/test_node
[3.726s] Level 1:colcon.colcon_core.environment:create_environment_scripts_only(test_node)
[3.726s] DEBUG:colcon.colcon_core.event_handler.log_command:Invoked command in '/home/vhorvat/Documents/ros2_ws/src/build/test_node' returned '0': CMAKE_PREFIX_PATH=${CMAKE_PREFIX_PATH}:/opt/ros/jazzy DEBUGINFOD_URLS=https://debuginfod.ubuntu.com /usr/bin/cmake --install /home/vhorvat/Documents/ros2_ws/src/build/test_node
[3.730s] Level 1:colcon.colcon_core.environment:checking '/home/vhorvat/Documents/ros2_ws/src/install/test_node' for CMake module files
[3.731s] Level 1:colcon.colcon_core.environment:checking '/home/vhorvat/Documents/ros2_ws/src/install/test_node' for CMake config files
[3.731s] Level 1:colcon.colcon_core.shell:create_environment_hook('test_node', 'cmake_prefix_path')
[3.731s] INFO:colcon.colcon_core.shell:Creating environment hook '/home/vhorvat/Documents/ros2_ws/src/install/test_node/share/test_node/hook/cmake_prefix_path.ps1'
[3.732s] INFO:colcon.colcon_core.shell:Creating environment descriptor '/home/vhorvat/Documents/ros2_ws/src/install/test_node/share/test_node/hook/cmake_prefix_path.dsv'
[3.732s] INFO:colcon.colcon_core.shell:Creating environment hook '/home/vhorvat/Documents/ros2_ws/src/install/test_node/share/test_node/hook/cmake_prefix_path.sh'
[3.733s] Level 1:colcon.colcon_core.environment:checking '/home/vhorvat/Documents/ros2_ws/src/install/test_node/lib'
[3.733s] Level 1:colcon.colcon_core.environment:checking '/home/vhorvat/Documents/ros2_ws/src/install/test_node/bin'
[3.733s] Level 1:colcon.colcon_core.environment:checking '/home/vhorvat/Documents/ros2_ws/src/install/test_node/lib/pkgconfig/test_node.pc'
[3.733s] Level 1:colcon.colcon_core.environment:checking '/home/vhorvat/Documents/ros2_ws/src/install/test_node/lib/python3.12/site-packages'
[3.733s] Level 1:colcon.colcon_core.environment:checking '/home/vhorvat/Documents/ros2_ws/src/install/test_node/bin'
[3.734s] INFO:colcon.colcon_core.shell:Creating package script '/home/vhorvat/Documents/ros2_ws/src/install/test_node/share/test_node/package.ps1'
[3.734s] INFO:colcon.colcon_core.shell:Creating package descriptor '/home/vhorvat/Documents/ros2_ws/src/install/test_node/share/test_node/package.dsv'
[3.735s] INFO:colcon.colcon_core.shell:Creating package script '/home/vhorvat/Documents/ros2_ws/src/install/test_node/share/test_node/package.sh'
[3.735s] INFO:colcon.colcon_core.shell:Creating package script '/home/vhorvat/Documents/ros2_ws/src/install/test_node/share/test_node/package.bash'
[3.736s] INFO:colcon.colcon_core.shell:Creating package script '/home/vhorvat/Documents/ros2_ws/src/install/test_node/share/test_node/package.zsh'
[3.736s] Level 1:colcon.colcon_core.environment:create_file_with_runtime_dependencies(/home/vhorvat/Documents/ros2_ws/src/install/test_node/share/colcon-core/packages/test_node)
[3.737s] Level 1:colcon.colcon_core.environment:create_environment_scripts_only(test_node)
[3.737s] Level 1:colcon.colcon_core.environment:checking '/home/vhorvat/Documents/ros2_ws/src/install/test_node' for CMake module files
[3.737s] Level 1:colcon.colcon_core.environment:checking '/home/vhorvat/Documents/ros2_ws/src/install/test_node' for CMake config files
[3.738s] Level 1:colcon.colcon_core.shell:create_environment_hook('test_node', 'cmake_prefix_path')
[3.738s] INFO:colcon.colcon_core.shell:Creating environment hook '/home/vhorvat/Documents/ros2_ws/src/install/test_node/share/test_node/hook/cmake_prefix_path.ps1'
[3.738s] INFO:colcon.colcon_core.shell:Creating environment descriptor '/home/vhorvat/Documents/ros2_ws/src/install/test_node/share/test_node/hook/cmake_prefix_path.dsv'
[3.738s] INFO:colcon.colcon_core.shell:Creating environment hook '/home/vhorvat/Documents/ros2_ws/src/install/test_node/share/test_node/hook/cmake_prefix_path.sh'
[3.739s] Level 1:colcon.colcon_core.environment:checking '/home/vhorvat/Documents/ros2_ws/src/install/test_node/lib'
[3.739s] Level 1:colcon.colcon_core.environment:checking '/home/vhorvat/Documents/ros2_ws/src/install/test_node/bin'
[3.739s] Level 1:colcon.colcon_core.environment:checking '/home/vhorvat/Documents/ros2_ws/src/install/test_node/lib/pkgconfig/test_node.pc'
[3.739s] Level 1:colcon.colcon_core.environment:checking '/home/vhorvat/Documents/ros2_ws/src/install/test_node/lib/python3.12/site-packages'
[3.739s] Level 1:colcon.colcon_core.environment:checking '/home/vhorvat/Documents/ros2_ws/src/install/test_node/bin'
[3.739s] INFO:colcon.colcon_core.shell:Creating package script '/home/vhorvat/Documents/ros2_ws/src/install/test_node/share/test_node/package.ps1'
[3.740s] INFO:colcon.colcon_core.shell:Creating package descriptor '/home/vhorvat/Documents/ros2_ws/src/install/test_node/share/test_node/package.dsv'
[3.740s] INFO:colcon.colcon_core.shell:Creating package script '/home/vhorvat/Documents/ros2_ws/src/install/test_node/share/test_node/package.sh'
[3.740s] INFO:colcon.colcon_core.shell:Creating package script '/home/vhorvat/Documents/ros2_ws/src/install/test_node/share/test_node/package.bash'
[3.741s] INFO:colcon.colcon_core.shell:Creating package script '/home/vhorvat/Documents/ros2_ws/src/install/test_node/share/test_node/package.zsh'
[3.741s] Level 1:colcon.colcon_core.environment:create_file_with_runtime_dependencies(/home/vhorvat/Documents/ros2_ws/src/install/test_node/share/colcon-core/packages/test_node)
[3.798s] DEBUG:colcon.colcon_core.event_handler.log_command:Invoked command in '/home/vhorvat/Documents/ros2_ws/src/build/dynamixel_mx64_control' returned '0': CMAKE_PREFIX_PATH=${CMAKE_PREFIX_PATH}:/opt/ros/jazzy DEBUGINFOD_URLS=https://debuginfod.ubuntu.com /usr/bin/cmake --build /home/vhorvat/Documents/ros2_ws/src/build/dynamixel_mx64_control -- -j16 -l16
[3.799s] DEBUG:colcon.colcon_core.event_handler.log_command:Invoking command in '/home/vhorvat/Documents/ros2_ws/src/build/dynamixel_mx64_control': CMAKE_PREFIX_PATH=${CMAKE_PREFIX_PATH}:/opt/ros/jazzy DEBUGINFOD_URLS=https://debuginfod.ubuntu.com /usr/bin/cmake --install /home/vhorvat/Documents/ros2_ws/src/build/dynamixel_mx64_control
[3.811s] Level 1:colcon.colcon_core.environment:create_environment_scripts_only(dynamixel_mx64_control)
[3.811s] DEBUG:colcon.colcon_core.event_handler.log_command:Invoked command in '/home/vhorvat/Documents/ros2_ws/src/build/dynamixel_mx64_control' returned '0': CMAKE_PREFIX_PATH=${CMAKE_PREFIX_PATH}:/opt/ros/jazzy DEBUGINFOD_URLS=https://debuginfod.ubuntu.com /usr/bin/cmake --install /home/vhorvat/Documents/ros2_ws/src/build/dynamixel_mx64_control
[3.811s] Level 1:colcon.colcon_core.environment:checking '/home/vhorvat/Documents/ros2_ws/src/install/dynamixel_mx64_control' for CMake module files
[3.812s] Level 1:colcon.colcon_core.environment:checking '/home/vhorvat/Documents/ros2_ws/src/install/dynamixel_mx64_control' for CMake config files
[3.812s] Level 1:colcon.colcon_core.shell:create_environment_hook('dynamixel_mx64_control', 'cmake_prefix_path')
[3.812s] INFO:colcon.colcon_core.shell:Creating environment hook '/home/vhorvat/Documents/ros2_ws/src/install/dynamixel_mx64_control/share/dynamixel_mx64_control/hook/cmake_prefix_path.ps1'
[3.813s] INFO:colcon.colcon_core.shell:Creating environment descriptor '/home/vhorvat/Documents/ros2_ws/src/install/dynamixel_mx64_control/share/dynamixel_mx64_control/hook/cmake_prefix_path.dsv'
[3.813s] INFO:colcon.colcon_core.shell:Creating environment hook '/home/vhorvat/Documents/ros2_ws/src/install/dynamixel_mx64_control/share/dynamixel_mx64_control/hook/cmake_prefix_path.sh'
[3.813s] Level 1:colcon.colcon_core.environment:checking '/home/vhorvat/Documents/ros2_ws/src/install/dynamixel_mx64_control/lib'
[3.813s] Level 1:colcon.colcon_core.environment:checking '/home/vhorvat/Documents/ros2_ws/src/install/dynamixel_mx64_control/bin'
[3.813s] Level 1:colcon.colcon_core.environment:checking '/home/vhorvat/Documents/ros2_ws/src/install/dynamixel_mx64_control/lib/pkgconfig/dynamixel_mx64_control.pc'
[3.814s] Level 1:colcon.colcon_core.environment:checking '/home/vhorvat/Documents/ros2_ws/src/install/dynamixel_mx64_control/lib/python3.12/site-packages'
[3.814s] Level 1:colcon.colcon_core.environment:checking '/home/vhorvat/Documents/ros2_ws/src/install/dynamixel_mx64_control/bin'
[3.814s] INFO:colcon.colcon_core.shell:Creating package script '/home/vhorvat/Documents/ros2_ws/src/install/dynamixel_mx64_control/share/dynamixel_mx64_control/package.ps1'
[3.814s] INFO:colcon.colcon_core.shell:Creating package descriptor '/home/vhorvat/Documents/ros2_ws/src/install/dynamixel_mx64_control/share/dynamixel_mx64_control/package.dsv'
[3.815s] INFO:colcon.colcon_core.shell:Creating package script '/home/vhorvat/Documents/ros2_ws/src/install/dynamixel_mx64_control/share/dynamixel_mx64_control/package.sh'
[3.815s] INFO:colcon.colcon_core.shell:Creating package script '/home/vhorvat/Documents/ros2_ws/src/install/dynamixel_mx64_control/share/dynamixel_mx64_control/package.bash'
[3.815s] INFO:colcon.colcon_core.shell:Creating package script '/home/vhorvat/Documents/ros2_ws/src/install/dynamixel_mx64_control/share/dynamixel_mx64_control/package.zsh'
[3.816s] Level 1:colcon.colcon_core.environment:create_file_with_runtime_dependencies(/home/vhorvat/Documents/ros2_ws/src/install/dynamixel_mx64_control/share/colcon-core/packages/dynamixel_mx64_control)
[3.816s] Level 1:colcon.colcon_core.environment:create_environment_scripts_only(dynamixel_mx64_control)
[3.816s] Level 1:colcon.colcon_core.environment:checking '/home/vhorvat/Documents/ros2_ws/src/install/dynamixel_mx64_control' for CMake module files
[3.817s] Level 1:colcon.colcon_core.environment:checking '/home/vhorvat/Documents/ros2_ws/src/install/dynamixel_mx64_control' for CMake config files
[3.817s] Level 1:colcon.colcon_core.shell:create_environment_hook('dynamixel_mx64_control', 'cmake_prefix_path')
[3.817s] INFO:colcon.colcon_core.shell:Creating environment hook '/home/vhorvat/Documents/ros2_ws/src/install/dynamixel_mx64_control/share/dynamixel_mx64_control/hook/cmake_prefix_path.ps1'
[3.817s] INFO:colcon.colcon_core.shell:Creating environment descriptor '/home/vhorvat/Documents/ros2_ws/src/install/dynamixel_mx64_control/share/dynamixel_mx64_control/hook/cmake_prefix_path.dsv'
[3.817s] INFO:colcon.colcon_core.shell:Creating environment hook '/home/vhorvat/Documents/ros2_ws/src/install/dynamixel_mx64_control/share/dynamixel_mx64_control/hook/cmake_prefix_path.sh'
[3.818s] Level 1:colcon.colcon_core.environment:checking '/home/vhorvat/Documents/ros2_ws/src/install/dynamixel_mx64_control/lib'
[3.818s] Level 1:colcon.colcon_core.environment:checking '/home/vhorvat/Documents/ros2_ws/src/install/dynamixel_mx64_control/bin'
[3.818s] Level 1:colcon.colcon_core.environment:checking '/home/vhorvat/Documents/ros2_ws/src/install/dynamixel_mx64_control/lib/pkgconfig/dynamixel_mx64_control.pc'
[3.818s] Level 1:colcon.colcon_core.environment:checking '/home/vhorvat/Documents/ros2_ws/src/install/dynamixel_mx64_control/lib/python3.12/site-packages'
[3.818s] Level 1:colcon.colcon_core.environment:checking '/home/vhorvat/Documents/ros2_ws/src/install/dynamixel_mx64_control/bin'
[3.818s] INFO:colcon.colcon_core.shell:Creating package script '/home/vhorvat/Documents/ros2_ws/src/install/dynamixel_mx64_control/share/dynamixel_mx64_control/package.ps1'
[3.819s] INFO:colcon.colcon_core.shell:Creating package descriptor '/home/vhorvat/Documents/ros2_ws/src/install/dynamixel_mx64_control/share/dynamixel_mx64_control/package.dsv'
[3.819s] INFO:colcon.colcon_core.shell:Creating package script '/home/vhorvat/Documents/ros2_ws/src/install/dynamixel_mx64_control/share/dynamixel_mx64_control/package.sh'
[3.819s] INFO:colcon.colcon_core.shell:Creating package script '/home/vhorvat/Documents/ros2_ws/src/install/dynamixel_mx64_control/share/dynamixel_mx64_control/package.bash'
[3.820s] INFO:colcon.colcon_core.shell:Creating package script '/home/vhorvat/Documents/ros2_ws/src/install/dynamixel_mx64_control/share/dynamixel_mx64_control/package.zsh'
[3.820s] Level 1:colcon.colcon_core.environment:create_file_with_runtime_dependencies(/home/vhorvat/Documents/ros2_ws/src/install/dynamixel_mx64_control/share/colcon-core/packages/dynamixel_mx64_control)
[3.820s] DEBUG:colcon.colcon_parallel_executor.executor.parallel:closing loop
[3.820s] DEBUG:colcon.colcon_parallel_executor.executor.parallel:loop closed
[3.820s] DEBUG:colcon.colcon_parallel_executor.executor.parallel:run_until_complete finished with '0'
[3.820s] DEBUG:colcon.colcon_core.event_reactor:joining thread
[3.827s] INFO:colcon.colcon_core.plugin_system:Skipping extension 'colcon_notification.desktop_notification.terminal_notifier': Not used on non-Darwin systems
[3.827s] INFO:colcon.colcon_core.plugin_system:Skipping extension 'colcon_notification.desktop_notification.win32': Not used on non-Windows systems
[3.827s] INFO:colcon.colcon_notification.desktop_notification:Sending desktop notification using 'notify2'
[3.845s] DEBUG:colcon.colcon_core.event_reactor:joined thread
[3.846s] INFO:colcon.colcon_core.shell:Creating prefix script '/home/vhorvat/Documents/ros2_ws/src/install/local_setup.ps1'
[3.847s] INFO:colcon.colcon_core.shell:Creating prefix util module '/home/vhorvat/Documents/ros2_ws/src/install/_local_setup_util_ps1.py'
[3.848s] INFO:colcon.colcon_core.shell:Creating prefix chain script '/home/vhorvat/Documents/ros2_ws/src/install/setup.ps1'
[3.849s] INFO:colcon.colcon_core.shell:Creating prefix script '/home/vhorvat/Documents/ros2_ws/src/install/local_setup.sh'
[3.849s] INFO:colcon.colcon_core.shell:Creating prefix util module '/home/vhorvat/Documents/ros2_ws/src/install/_local_setup_util_sh.py'
[3.849s] INFO:colcon.colcon_core.shell:Creating prefix chain script '/home/vhorvat/Documents/ros2_ws/src/install/setup.sh'
[3.850s] INFO:colcon.colcon_core.shell:Creating prefix script '/home/vhorvat/Documents/ros2_ws/src/install/local_setup.bash'
[3.851s] INFO:colcon.colcon_core.shell:Creating prefix chain script '/home/vhorvat/Documents/ros2_ws/src/install/setup.bash'
[3.851s] INFO:colcon.colcon_core.shell:Creating prefix script '/home/vhorvat/Documents/ros2_ws/src/install/local_setup.zsh'
[3.852s] INFO:colcon.colcon_core.shell:Creating prefix chain script '/home/vhorvat/Documents/ros2_ws/src/install/setup.zsh'
