[0.171s] DEBUG:colcon:Command line arguments: ['/usr/bin/colcon', 'build']
[0.171s] DEBUG:colcon:Parsed command line arguments: Namespace(log_base=None, log_level=None, verb_name='build', build_base='build', install_base='install', merge_install=False, symlink_install=False, test_result_base=None, continue_on_error=False, executor='parallel', parallel_workers=16, event_handlers=None, ignore_user_meta=False, metas=['./colcon.meta'], base_paths=['.'], packages_ignore=None, packages_ignore_regex=None, paths=None, packages_up_to=None, packages_up_to_regex=None, packages_above=None, packages_above_and_dependencies=None, packages_above_depth=None, packages_select_by_dep=None, packages_skip_by_dep=None, packages_skip_up_to=None, packages_select_build_failed=False, packages_skip_build_finished=False, packages_select_test_failures=False, packages_skip_test_passed=False, packages_select=None, packages_skip=None, packages_select_regex=None, packages_skip_regex=None, packages_start=None, packages_end=None, allow_overriding=[], cmake_args=None, cmake_target=None, cmake_target_skip_unavailable=False, cmake_clean_cache=False, cmake_clean_first=False, cmake_force_configure=False, ament_cmake_args=None, catkin_cmake_args=None, catkin_skip_building_tests=False, mixin_files=None, mixin=None, verb_parser=<colcon_mixin.mixin.mixin_argument.MixinArgumentDecorator object at 0x7e690d372de0>, verb_extension=<colcon_core.verb.build.BuildVerb object at 0x7e690d4a2e10>, main=<bound method BuildVerb.main of <colcon_core.verb.build.BuildVerb object at 0x7e690d4a2e10>>, mixin_verb=('build',))
[0.235s] Level 1:colcon.colcon_core.package_discovery:discover_packages(colcon_meta) check parameters
[0.235s] Level 1:colcon.colcon_core.package_discovery:discover_packages(recursive) check parameters
[0.235s] Level 1:colcon.colcon_core.package_discovery:discover_packages(ignore) check parameters
[0.235s] Level 1:colcon.colcon_core.package_discovery:discover_packages(path) check parameters
[0.235s] Level 1:colcon.colcon_core.package_discovery:discover_packages(colcon_meta) discover
[0.235s] Level 1:colcon.colcon_core.package_discovery:discover_packages(recursive) discover
[0.235s] INFO:colcon.colcon_core.package_discovery:Crawling recursively for packages in '/home/vhorvat/Documents/ros2_ws/src'
[0.235s] Level 1:colcon.colcon_core.package_identification:_identify(.) by extensions ['ignore', 'ignore_ament_install']
[0.236s] Level 1:colcon.colcon_core.package_identification:_identify(.) by extension 'ignore'
[0.236s] Level 1:colcon.colcon_core.package_identification:_identify(.) by extension 'ignore_ament_install'
[0.236s] Level 1:colcon.colcon_core.package_identification:_identify(.) by extensions ['colcon_pkg']
[0.236s] Level 1:colcon.colcon_core.package_identification:_identify(.) by extension 'colcon_pkg'
[0.236s] Level 1:colcon.colcon_core.package_identification:_identify(.) by extensions ['colcon_meta']
[0.236s] Level 1:colcon.colcon_core.package_identification:_identify(.) by extension 'colcon_meta'
[0.236s] Level 1:colcon.colcon_core.package_identification:_identify(.) by extensions ['ros']
[0.236s] Level 1:colcon.colcon_core.package_identification:_identify(.) by extension 'ros'
[0.274s] Level 1:colcon.colcon_core.package_identification:_identify(.) by extensions ['cmake', 'python']
[0.274s] Level 1:colcon.colcon_core.package_identification:_identify(.) by extension 'cmake'
[0.274s] Level 1:colcon.colcon_core.package_identification:_identify(.) by extension 'python'
[0.274s] Level 1:colcon.colcon_core.package_identification:_identify(.) by extensions ['python_setup_py']
[0.274s] Level 1:colcon.colcon_core.package_identification:_identify(.) by extension 'python_setup_py'
[0.274s] Level 1:colcon.colcon_core.package_identification:_identify(build) by extensions ['ignore', 'ignore_ament_install']
[0.275s] Level 1:colcon.colcon_core.package_identification:_identify(build) by extension 'ignore'
[0.275s] Level 1:colcon.colcon_core.package_identification:_identify(build) ignored
[0.275s] Level 1:colcon.colcon_core.package_identification:_identify(dynamixel_mx64_control) by extensions ['ignore', 'ignore_ament_install']
[0.275s] Level 1:colcon.colcon_core.package_identification:_identify(dynamixel_mx64_control) by extension 'ignore'
[0.275s] Level 1:colcon.colcon_core.package_identification:_identify(dynamixel_mx64_control) by extension 'ignore_ament_install'
[0.275s] Level 1:colcon.colcon_core.package_identification:_identify(dynamixel_mx64_control) by extensions ['colcon_pkg']
[0.275s] Level 1:colcon.colcon_core.package_identification:_identify(dynamixel_mx64_control) by extension 'colcon_pkg'
[0.275s] Level 1:colcon.colcon_core.package_identification:_identify(dynamixel_mx64_control) by extensions ['colcon_meta']
[0.275s] Level 1:colcon.colcon_core.package_identification:_identify(dynamixel_mx64_control) by extension 'colcon_meta'
[0.275s] Level 1:colcon.colcon_core.package_identification:_identify(dynamixel_mx64_control) by extensions ['ros']
[0.275s] Level 1:colcon.colcon_core.package_identification:_identify(dynamixel_mx64_control) by extension 'ros'
[0.279s] DEBUG:colcon.colcon_core.package_identification:Package 'dynamixel_mx64_control' with type 'ros.ament_cmake' and name 'dynamixel_mx64_control'
[0.279s] Level 1:colcon.colcon_core.package_identification:_identify(install) by extensions ['ignore', 'ignore_ament_install']
[0.279s] Level 1:colcon.colcon_core.package_identification:_identify(install) by extension 'ignore'
[0.279s] Level 1:colcon.colcon_core.package_identification:_identify(install) ignored
[0.279s] Level 1:colcon.colcon_core.package_identification:_identify(log) by extensions ['ignore', 'ignore_ament_install']
[0.279s] Level 1:colcon.colcon_core.package_identification:_identify(log) by extension 'ignore'
[0.279s] Level 1:colcon.colcon_core.package_identification:_identify(log) ignored
[0.280s] Level 1:colcon.colcon_core.package_identification:_identify(test_node) by extensions ['ignore', 'ignore_ament_install']
[0.280s] Level 1:colcon.colcon_core.package_identification:_identify(test_node) by extension 'ignore'
[0.280s] Level 1:colcon.colcon_core.package_identification:_identify(test_node) by extension 'ignore_ament_install'
[0.280s] Level 1:colcon.colcon_core.package_identification:_identify(test_node) by extensions ['colcon_pkg']
[0.280s] Level 1:colcon.colcon_core.package_identification:_identify(test_node) by extension 'colcon_pkg'
[0.280s] Level 1:colcon.colcon_core.package_identification:_identify(test_node) by extensions ['colcon_meta']
[0.280s] Level 1:colcon.colcon_core.package_identification:_identify(test_node) by extension 'colcon_meta'
[0.280s] Level 1:colcon.colcon_core.package_identification:_identify(test_node) by extensions ['ros']
[0.280s] Level 1:colcon.colcon_core.package_identification:_identify(test_node) by extension 'ros'
[0.281s] DEBUG:colcon.colcon_core.package_identification:Package 'test_node' with type 'ros.ament_cmake' and name 'test_node'
[0.281s] Level 1:colcon.colcon_core.package_discovery:discover_packages(recursive) using defaults
[0.281s] Level 1:colcon.colcon_core.package_discovery:discover_packages(ignore) discover
[0.281s] Level 1:colcon.colcon_core.package_discovery:discover_packages(ignore) using defaults
[0.281s] Level 1:colcon.colcon_core.package_discovery:discover_packages(path) discover
[0.281s] Level 1:colcon.colcon_core.package_discovery:discover_packages(path) using defaults
[0.307s] Level 1:colcon.colcon_core.package_discovery:discover_packages(prefix_path) check parameters
[0.307s] Level 1:colcon.colcon_core.package_discovery:discover_packages(prefix_path) discover
[0.310s] DEBUG:colcon.colcon_installed_package_information.package_discovery:Found 2 installed packages in /home/vhorvat/Documents/ros2_ws/src/install
[0.311s] DEBUG:colcon.colcon_installed_package_information.package_discovery:Found 2 installed packages in /home/vhorvat/Documents/ros2_ws/install
[0.314s] DEBUG:colcon.colcon_installed_package_information.package_discovery:Found 285 installed packages in /opt/ros/jazzy
[0.315s] Level 1:colcon.colcon_core.package_discovery:discover_packages(prefix_path) using defaults
[0.379s] Level 5:colcon.colcon_core.verb:set package 'dynamixel_mx64_control' build argument 'cmake_args' from command line to 'None'
[0.379s] Level 5:colcon.colcon_core.verb:set package 'dynamixel_mx64_control' build argument 'cmake_target' from command line to 'None'
[0.379s] Level 5:colcon.colcon_core.verb:set package 'dynamixel_mx64_control' build argument 'cmake_target_skip_unavailable' from command line to 'False'
[0.379s] Level 5:colcon.colcon_core.verb:set package 'dynamixel_mx64_control' build argument 'cmake_clean_cache' from command line to 'False'
[0.379s] Level 5:colcon.colcon_core.verb:set package 'dynamixel_mx64_control' build argument 'cmake_clean_first' from command line to 'False'
[0.379s] Level 5:colcon.colcon_core.verb:set package 'dynamixel_mx64_control' build argument 'cmake_force_configure' from command line to 'False'
[0.379s] Level 5:colcon.colcon_core.verb:set package 'dynamixel_mx64_control' build argument 'ament_cmake_args' from command line to 'None'
[0.379s] Level 5:colcon.colcon_core.verb:set package 'dynamixel_mx64_control' build argument 'catkin_cmake_args' from command line to 'None'
[0.379s] Level 5:colcon.colcon_core.verb:set package 'dynamixel_mx64_control' build argument 'catkin_skip_building_tests' from command line to 'False'
[0.379s] DEBUG:colcon.colcon_core.verb:Building package 'dynamixel_mx64_control' with the following arguments: {'ament_cmake_args': None, 'build_base': '/home/vhorvat/Documents/ros2_ws/src/build/dynamixel_mx64_control', 'catkin_cmake_args': None, 'catkin_skip_building_tests': False, 'cmake_args': None, 'cmake_clean_cache': False, 'cmake_clean_first': False, 'cmake_force_configure': False, 'cmake_target': None, 'cmake_target_skip_unavailable': False, 'install_base': '/home/vhorvat/Documents/ros2_ws/src/install/dynamixel_mx64_control', 'merge_install': False, 'path': '/home/vhorvat/Documents/ros2_ws/src/dynamixel_mx64_control', 'symlink_install': False, 'test_result_base': None}
[0.380s] Level 5:colcon.colcon_core.verb:set package 'test_node' build argument 'cmake_args' from command line to 'None'
[0.380s] Level 5:colcon.colcon_core.verb:set package 'test_node' build argument 'cmake_target' from command line to 'None'
[0.380s] Level 5:colcon.colcon_core.verb:set package 'test_node' build argument 'cmake_target_skip_unavailable' from command line to 'False'
[0.380s] Level 5:colcon.colcon_core.verb:set package 'test_node' build argument 'cmake_clean_cache' from command line to 'False'
[0.380s] Level 5:colcon.colcon_core.verb:set package 'test_node' build argument 'cmake_clean_first' from command line to 'False'
[0.380s] Level 5:colcon.colcon_core.verb:set package 'test_node' build argument 'cmake_force_configure' from command line to 'False'
[0.380s] Level 5:colcon.colcon_core.verb:set package 'test_node' build argument 'ament_cmake_args' from command line to 'None'
[0.380s] Level 5:colcon.colcon_core.verb:set package 'test_node' build argument 'catkin_cmake_args' from command line to 'None'
[0.380s] Level 5:colcon.colcon_core.verb:set package 'test_node' build argument 'catkin_skip_building_tests' from command line to 'False'
[0.380s] DEBUG:colcon.colcon_core.verb:Building package 'test_node' with the following arguments: {'ament_cmake_args': None, 'build_base': '/home/vhorvat/Documents/ros2_ws/src/build/test_node', 'catkin_cmake_args': None, 'catkin_skip_building_tests': False, 'cmake_args': None, 'cmake_clean_cache': False, 'cmake_clean_first': False, 'cmake_force_configure': False, 'cmake_target': None, 'cmake_target_skip_unavailable': False, 'install_base': '/home/vhorvat/Documents/ros2_ws/src/install/test_node', 'merge_install': False, 'path': '/home/vhorvat/Documents/ros2_ws/src/test_node', 'symlink_install': False, 'test_result_base': None}
[0.380s] INFO:colcon.colcon_core.executor:Executing jobs using 'parallel' executor
[0.382s] DEBUG:colcon.colcon_parallel_executor.executor.parallel:run_until_complete
[0.382s] INFO:colcon.colcon_ros.task.ament_cmake.build:Building ROS package in '/home/vhorvat/Documents/ros2_ws/src/dynamixel_mx64_control' with build type 'ament_cmake'
[0.382s] INFO:colcon.colcon_cmake.task.cmake.build:Building CMake package in '/home/vhorvat/Documents/ros2_ws/src/dynamixel_mx64_control'
[0.386s] INFO:colcon.colcon_core.plugin_system:Skipping extension 'colcon_core.shell.bat': Not used on non-Windows systems
[0.386s] INFO:colcon.colcon_core.shell:Skip shell extension 'powershell' for command environment: Not usable outside of PowerShell
[0.386s] DEBUG:colcon.colcon_core.shell:Skip shell extension 'dsv' for command environment
[0.393s] INFO:colcon.colcon_ros.task.ament_cmake.build:Building ROS package in '/home/vhorvat/Documents/ros2_ws/src/test_node' with build type 'ament_cmake'
[0.393s] INFO:colcon.colcon_cmake.task.cmake.build:Building CMake package in '/home/vhorvat/Documents/ros2_ws/src/test_node'
[0.393s] INFO:colcon.colcon_core.shell:Skip shell extension 'powershell' for command environment: Not usable outside of PowerShell
[0.393s] DEBUG:colcon.colcon_core.shell:Skip shell extension 'dsv' for command environment
[0.411s] DEBUG:colcon.colcon_core.event_handler.log_command:Invoking command in '/home/vhorvat/Documents/ros2_ws/src/build/dynamixel_mx64_control': CMAKE_PREFIX_PATH=${CMAKE_PREFIX_PATH}:/opt/ros/jazzy DEBUGINFOD_URLS=https://debuginfod.ubuntu.com /usr/bin/cmake --build /home/vhorvat/Documents/ros2_ws/src/build/dynamixel_mx64_control -- -j16 -l16
[0.420s] DEBUG:colcon.colcon_core.event_handler.log_command:Invoking command in '/home/vhorvat/Documents/ros2_ws/src/build/test_node': CMAKE_PREFIX_PATH=${CMAKE_PREFIX_PATH}:/opt/ros/jazzy DEBUGINFOD_URLS=https://debuginfod.ubuntu.com /usr/bin/cmake --build /home/vhorvat/Documents/ros2_ws/src/build/test_node -- -j16 -l16
[0.544s] DEBUG:colcon.colcon_core.event_handler.log_command:Invoked command in '/home/vhorvat/Documents/ros2_ws/src/build/test_node' returned '0': CMAKE_PREFIX_PATH=${CMAKE_PREFIX_PATH}:/opt/ros/jazzy DEBUGINFOD_URLS=https://debuginfod.ubuntu.com /usr/bin/cmake --build /home/vhorvat/Documents/ros2_ws/src/build/test_node -- -j16 -l16
[0.562s] DEBUG:colcon.colcon_core.event_handler.log_command:Invoking command in '/home/vhorvat/Documents/ros2_ws/src/build/test_node': CMAKE_PREFIX_PATH=${CMAKE_PREFIX_PATH}:/opt/ros/jazzy DEBUGINFOD_URLS=https://debuginfod.ubuntu.com /usr/bin/cmake --install /home/vhorvat/Documents/ros2_ws/src/build/test_node
[0.580s] Level 1:colcon.colcon_core.environment:create_environment_scripts_only(test_node)
[0.581s] DEBUG:colcon.colcon_core.event_handler.log_command:Invoked command in '/home/vhorvat/Documents/ros2_ws/src/build/test_node' returned '0': CMAKE_PREFIX_PATH=${CMAKE_PREFIX_PATH}:/opt/ros/jazzy DEBUGINFOD_URLS=https://debuginfod.ubuntu.com /usr/bin/cmake --install /home/vhorvat/Documents/ros2_ws/src/build/test_node
[0.585s] Level 1:colcon.colcon_core.environment:checking '/home/vhorvat/Documents/ros2_ws/src/install/test_node' for CMake module files
[0.586s] Level 1:colcon.colcon_core.environment:checking '/home/vhorvat/Documents/ros2_ws/src/install/test_node' for CMake config files
[0.586s] Level 1:colcon.colcon_core.shell:create_environment_hook('test_node', 'cmake_prefix_path')
[0.587s] INFO:colcon.colcon_core.shell:Creating environment hook '/home/vhorvat/Documents/ros2_ws/src/install/test_node/share/test_node/hook/cmake_prefix_path.ps1'
[0.588s] INFO:colcon.colcon_core.shell:Creating environment descriptor '/home/vhorvat/Documents/ros2_ws/src/install/test_node/share/test_node/hook/cmake_prefix_path.dsv'
[0.589s] INFO:colcon.colcon_core.shell:Creating environment hook '/home/vhorvat/Documents/ros2_ws/src/install/test_node/share/test_node/hook/cmake_prefix_path.sh'
[0.590s] Level 1:colcon.colcon_core.environment:checking '/home/vhorvat/Documents/ros2_ws/src/install/test_node/lib'
[0.590s] Level 1:colcon.colcon_core.environment:checking '/home/vhorvat/Documents/ros2_ws/src/install/test_node/bin'
[0.590s] Level 1:colcon.colcon_core.environment:checking '/home/vhorvat/Documents/ros2_ws/src/install/test_node/lib/pkgconfig/test_node.pc'
[0.591s] Level 1:colcon.colcon_core.environment:checking '/home/vhorvat/Documents/ros2_ws/src/install/test_node/lib/python3.12/site-packages'
[0.591s] Level 1:colcon.colcon_core.environment:checking '/home/vhorvat/Documents/ros2_ws/src/install/test_node/bin'
[0.592s] INFO:colcon.colcon_core.shell:Creating package script '/home/vhorvat/Documents/ros2_ws/src/install/test_node/share/test_node/package.ps1'
[0.593s] INFO:colcon.colcon_core.shell:Creating package descriptor '/home/vhorvat/Documents/ros2_ws/src/install/test_node/share/test_node/package.dsv'
[0.593s] INFO:colcon.colcon_core.shell:Creating package script '/home/vhorvat/Documents/ros2_ws/src/install/test_node/share/test_node/package.sh'
[0.594s] INFO:colcon.colcon_core.shell:Creating package script '/home/vhorvat/Documents/ros2_ws/src/install/test_node/share/test_node/package.bash'
[0.595s] INFO:colcon.colcon_core.shell:Creating package script '/home/vhorvat/Documents/ros2_ws/src/install/test_node/share/test_node/package.zsh'
[0.596s] Level 1:colcon.colcon_core.environment:create_file_with_runtime_dependencies(/home/vhorvat/Documents/ros2_ws/src/install/test_node/share/colcon-core/packages/test_node)
[0.598s] Level 1:colcon.colcon_core.environment:create_environment_scripts_only(test_node)
[0.598s] Level 1:colcon.colcon_core.environment:checking '/home/vhorvat/Documents/ros2_ws/src/install/test_node' for CMake module files
[0.599s] Level 1:colcon.colcon_core.environment:checking '/home/vhorvat/Documents/ros2_ws/src/install/test_node' for CMake config files
[0.599s] Level 1:colcon.colcon_core.shell:create_environment_hook('test_node', 'cmake_prefix_path')
[0.599s] INFO:colcon.colcon_core.shell:Creating environment hook '/home/vhorvat/Documents/ros2_ws/src/install/test_node/share/test_node/hook/cmake_prefix_path.ps1'
[0.600s] INFO:colcon.colcon_core.shell:Creating environment descriptor '/home/vhorvat/Documents/ros2_ws/src/install/test_node/share/test_node/hook/cmake_prefix_path.dsv'
[0.601s] INFO:colcon.colcon_core.shell:Creating environment hook '/home/vhorvat/Documents/ros2_ws/src/install/test_node/share/test_node/hook/cmake_prefix_path.sh'
[0.602s] Level 1:colcon.colcon_core.environment:checking '/home/vhorvat/Documents/ros2_ws/src/install/test_node/lib'
[0.602s] Level 1:colcon.colcon_core.environment:checking '/home/vhorvat/Documents/ros2_ws/src/install/test_node/bin'
[0.602s] Level 1:colcon.colcon_core.environment:checking '/home/vhorvat/Documents/ros2_ws/src/install/test_node/lib/pkgconfig/test_node.pc'
[0.602s] Level 1:colcon.colcon_core.environment:checking '/home/vhorvat/Documents/ros2_ws/src/install/test_node/lib/python3.12/site-packages'
[0.602s] Level 1:colcon.colcon_core.environment:checking '/home/vhorvat/Documents/ros2_ws/src/install/test_node/bin'
[0.603s] INFO:colcon.colcon_core.shell:Creating package script '/home/vhorvat/Documents/ros2_ws/src/install/test_node/share/test_node/package.ps1'
[0.603s] INFO:colcon.colcon_core.shell:Creating package descriptor '/home/vhorvat/Documents/ros2_ws/src/install/test_node/share/test_node/package.dsv'
[0.604s] INFO:colcon.colcon_core.shell:Creating package script '/home/vhorvat/Documents/ros2_ws/src/install/test_node/share/test_node/package.sh'
[0.605s] INFO:colcon.colcon_core.shell:Creating package script '/home/vhorvat/Documents/ros2_ws/src/install/test_node/share/test_node/package.bash'
[0.606s] INFO:colcon.colcon_core.shell:Creating package script '/home/vhorvat/Documents/ros2_ws/src/install/test_node/share/test_node/package.zsh'
[0.606s] Level 1:colcon.colcon_core.environment:create_file_with_runtime_dependencies(/home/vhorvat/Documents/ros2_ws/src/install/test_node/share/colcon-core/packages/test_node)
[5.239s] DEBUG:colcon.colcon_core.event_handler.log_command:Invoked command in '/home/vhorvat/Documents/ros2_ws/src/build/dynamixel_mx64_control' returned '0': CMAKE_PREFIX_PATH=${CMAKE_PREFIX_PATH}:/opt/ros/jazzy DEBUGINFOD_URLS=https://debuginfod.ubuntu.com /usr/bin/cmake --build /home/vhorvat/Documents/ros2_ws/src/build/dynamixel_mx64_control -- -j16 -l16
[5.241s] DEBUG:colcon.colcon_core.event_handler.log_command:Invoking command in '/home/vhorvat/Documents/ros2_ws/src/build/dynamixel_mx64_control': CMAKE_PREFIX_PATH=${CMAKE_PREFIX_PATH}:/opt/ros/jazzy DEBUGINFOD_URLS=https://debuginfod.ubuntu.com /usr/bin/cmake --install /home/vhorvat/Documents/ros2_ws/src/build/dynamixel_mx64_control
[5.259s] Level 1:colcon.colcon_core.environment:create_environment_scripts_only(dynamixel_mx64_control)
[5.260s] Level 1:colcon.colcon_core.environment:checking '/home/vhorvat/Documents/ros2_ws/src/install/dynamixel_mx64_control' for CMake module files
[5.261s] DEBUG:colcon.colcon_core.event_handler.log_command:Invoked command in '/home/vhorvat/Documents/ros2_ws/src/build/dynamixel_mx64_control' returned '0': CMAKE_PREFIX_PATH=${CMAKE_PREFIX_PATH}:/opt/ros/jazzy DEBUGINFOD_URLS=https://debuginfod.ubuntu.com /usr/bin/cmake --install /home/vhorvat/Documents/ros2_ws/src/build/dynamixel_mx64_control
[5.261s] Level 1:colcon.colcon_core.environment:checking '/home/vhorvat/Documents/ros2_ws/src/install/dynamixel_mx64_control' for CMake config files
[5.262s] Level 1:colcon.colcon_core.shell:create_environment_hook('dynamixel_mx64_control', 'cmake_prefix_path')
[5.262s] INFO:colcon.colcon_core.shell:Creating environment hook '/home/vhorvat/Documents/ros2_ws/src/install/dynamixel_mx64_control/share/dynamixel_mx64_control/hook/cmake_prefix_path.ps1'
[5.263s] INFO:colcon.colcon_core.shell:Creating environment descriptor '/home/vhorvat/Documents/ros2_ws/src/install/dynamixel_mx64_control/share/dynamixel_mx64_control/hook/cmake_prefix_path.dsv'
[5.263s] INFO:colcon.colcon_core.shell:Creating environment hook '/home/vhorvat/Documents/ros2_ws/src/install/dynamixel_mx64_control/share/dynamixel_mx64_control/hook/cmake_prefix_path.sh'
[5.264s] Level 1:colcon.colcon_core.environment:checking '/home/vhorvat/Documents/ros2_ws/src/install/dynamixel_mx64_control/lib'
[5.265s] Level 1:colcon.colcon_core.environment:checking '/home/vhorvat/Documents/ros2_ws/src/install/dynamixel_mx64_control/bin'
[5.265s] Level 1:colcon.colcon_core.environment:checking '/home/vhorvat/Documents/ros2_ws/src/install/dynamixel_mx64_control/lib/pkgconfig/dynamixel_mx64_control.pc'
[5.265s] Level 1:colcon.colcon_core.environment:checking '/home/vhorvat/Documents/ros2_ws/src/install/dynamixel_mx64_control/lib/python3.12/site-packages'
[5.265s] Level 1:colcon.colcon_core.environment:checking '/home/vhorvat/Documents/ros2_ws/src/install/dynamixel_mx64_control/bin'
[5.266s] INFO:colcon.colcon_core.shell:Creating package script '/home/vhorvat/Documents/ros2_ws/src/install/dynamixel_mx64_control/share/dynamixel_mx64_control/package.ps1'
[5.266s] INFO:colcon.colcon_core.shell:Creating package descriptor '/home/vhorvat/Documents/ros2_ws/src/install/dynamixel_mx64_control/share/dynamixel_mx64_control/package.dsv'
[5.267s] INFO:colcon.colcon_core.shell:Creating package script '/home/vhorvat/Documents/ros2_ws/src/install/dynamixel_mx64_control/share/dynamixel_mx64_control/package.sh'
[5.268s] INFO:colcon.colcon_core.shell:Creating package script '/home/vhorvat/Documents/ros2_ws/src/install/dynamixel_mx64_control/share/dynamixel_mx64_control/package.bash'
[5.269s] INFO:colcon.colcon_core.shell:Creating package script '/home/vhorvat/Documents/ros2_ws/src/install/dynamixel_mx64_control/share/dynamixel_mx64_control/package.zsh'
[5.270s] Level 1:colcon.colcon_core.environment:create_file_with_runtime_dependencies(/home/vhorvat/Documents/ros2_ws/src/install/dynamixel_mx64_control/share/colcon-core/packages/dynamixel_mx64_control)
[5.270s] Level 1:colcon.colcon_core.environment:create_environment_scripts_only(dynamixel_mx64_control)
[5.270s] Level 1:colcon.colcon_core.environment:checking '/home/vhorvat/Documents/ros2_ws/src/install/dynamixel_mx64_control' for CMake module files
[5.271s] Level 1:colcon.colcon_core.environment:checking '/home/vhorvat/Documents/ros2_ws/src/install/dynamixel_mx64_control' for CMake config files
[5.272s] Level 1:colcon.colcon_core.shell:create_environment_hook('dynamixel_mx64_control', 'cmake_prefix_path')
[5.272s] INFO:colcon.colcon_core.shell:Creating environment hook '/home/vhorvat/Documents/ros2_ws/src/install/dynamixel_mx64_control/share/dynamixel_mx64_control/hook/cmake_prefix_path.ps1'
[5.272s] INFO:colcon.colcon_core.shell:Creating environment descriptor '/home/vhorvat/Documents/ros2_ws/src/install/dynamixel_mx64_control/share/dynamixel_mx64_control/hook/cmake_prefix_path.dsv'
[5.273s] INFO:colcon.colcon_core.shell:Creating environment hook '/home/vhorvat/Documents/ros2_ws/src/install/dynamixel_mx64_control/share/dynamixel_mx64_control/hook/cmake_prefix_path.sh'
[5.274s] Level 1:colcon.colcon_core.environment:checking '/home/vhorvat/Documents/ros2_ws/src/install/dynamixel_mx64_control/lib'
[5.274s] Level 1:colcon.colcon_core.environment:checking '/home/vhorvat/Documents/ros2_ws/src/install/dynamixel_mx64_control/bin'
[5.274s] Level 1:colcon.colcon_core.environment:checking '/home/vhorvat/Documents/ros2_ws/src/install/dynamixel_mx64_control/lib/pkgconfig/dynamixel_mx64_control.pc'
[5.274s] Level 1:colcon.colcon_core.environment:checking '/home/vhorvat/Documents/ros2_ws/src/install/dynamixel_mx64_control/lib/python3.12/site-packages'
[5.275s] Level 1:colcon.colcon_core.environment:checking '/home/vhorvat/Documents/ros2_ws/src/install/dynamixel_mx64_control/bin'
[5.275s] INFO:colcon.colcon_core.shell:Creating package script '/home/vhorvat/Documents/ros2_ws/src/install/dynamixel_mx64_control/share/dynamixel_mx64_control/package.ps1'
[5.276s] INFO:colcon.colcon_core.shell:Creating package descriptor '/home/vhorvat/Documents/ros2_ws/src/install/dynamixel_mx64_control/share/dynamixel_mx64_control/package.dsv'
[5.276s] INFO:colcon.colcon_core.shell:Creating package script '/home/vhorvat/Documents/ros2_ws/src/install/dynamixel_mx64_control/share/dynamixel_mx64_control/package.sh'
[5.277s] INFO:colcon.colcon_core.shell:Creating package script '/home/vhorvat/Documents/ros2_ws/src/install/dynamixel_mx64_control/share/dynamixel_mx64_control/package.bash'
[5.278s] INFO:colcon.colcon_core.shell:Creating package script '/home/vhorvat/Documents/ros2_ws/src/install/dynamixel_mx64_control/share/dynamixel_mx64_control/package.zsh'
[5.278s] Level 1:colcon.colcon_core.environment:create_file_with_runtime_dependencies(/home/vhorvat/Documents/ros2_ws/src/install/dynamixel_mx64_control/share/colcon-core/packages/dynamixel_mx64_control)
[5.279s] DEBUG:colcon.colcon_parallel_executor.executor.parallel:closing loop
[5.279s] DEBUG:colcon.colcon_parallel_executor.executor.parallel:loop closed
[5.280s] DEBUG:colcon.colcon_parallel_executor.executor.parallel:run_until_complete finished with '0'
[5.280s] DEBUG:colcon.colcon_core.event_reactor:joining thread
[5.290s] INFO:colcon.colcon_core.plugin_system:Skipping extension 'colcon_notification.desktop_notification.terminal_notifier': Not used on non-Darwin systems
[5.290s] INFO:colcon.colcon_core.plugin_system:Skipping extension 'colcon_notification.desktop_notification.win32': Not used on non-Windows systems
[5.290s] INFO:colcon.colcon_notification.desktop_notification:Sending desktop notification using 'notify2'
[5.318s] DEBUG:colcon.colcon_core.event_reactor:joined thread
[5.319s] INFO:colcon.colcon_core.shell:Creating prefix script '/home/vhorvat/Documents/ros2_ws/src/install/local_setup.ps1'
[5.321s] INFO:colcon.colcon_core.shell:Creating prefix util module '/home/vhorvat/Documents/ros2_ws/src/install/_local_setup_util_ps1.py'
[5.322s] INFO:colcon.colcon_core.shell:Creating prefix chain script '/home/vhorvat/Documents/ros2_ws/src/install/setup.ps1'
[5.324s] INFO:colcon.colcon_core.shell:Creating prefix script '/home/vhorvat/Documents/ros2_ws/src/install/local_setup.sh'
[5.325s] INFO:colcon.colcon_core.shell:Creating prefix util module '/home/vhorvat/Documents/ros2_ws/src/install/_local_setup_util_sh.py'
[5.326s] INFO:colcon.colcon_core.shell:Creating prefix chain script '/home/vhorvat/Documents/ros2_ws/src/install/setup.sh'
[5.328s] INFO:colcon.colcon_core.shell:Creating prefix script '/home/vhorvat/Documents/ros2_ws/src/install/local_setup.bash'
[5.329s] INFO:colcon.colcon_core.shell:Creating prefix chain script '/home/vhorvat/Documents/ros2_ws/src/install/setup.bash'
[5.330s] INFO:colcon.colcon_core.shell:Creating prefix script '/home/vhorvat/Documents/ros2_ws/src/install/local_setup.zsh'
[5.331s] INFO:colcon.colcon_core.shell:Creating prefix chain script '/home/vhorvat/Documents/ros2_ws/src/install/setup.zsh'
