[0.017s] Invoking command in '/home/vhorvat/Documents/ros2_ws/src/dynamixel_mx64_control/build/dynamixel_mx64_control': CMAKE_PREFIX_PATH=${CMAKE_PREFIX_PATH}:/opt/ros/jazzy DEBUGINFOD_URLS=https://debuginfod.ubuntu.com /usr/bin/cmake /home/vhorvat/Documents/ros2_ws/src/dynamixel_mx64_control -DCMAKE_INSTALL_PREFIX=/home/vhorvat/Documents/ros2_ws/src/dynamixel_mx64_control/install/dynamixel_mx64_control
[0.108s] -- The C compiler identification is GNU 13.3.0
[0.202s] -- The CXX compiler identification is GNU 13.3.0
[0.231s] -- Detecting C compiler ABI info
[0.388s] -- Detecting C compiler ABI info - done
[0.403s] -- Check for working C compiler: /usr/bin/cc - skipped
[0.403s] -- Detecting C compile features
[0.404s] -- Detecting C compile features - done
[0.421s] -- Detecting CXX compiler ABI info
[0.592s] -- Detecting CXX compiler ABI info - done
[0.608s] -- Check for working CXX compiler: /usr/bin/c++ - skipped
[0.609s] -- Detecting CXX compile features
[0.609s] -- Detecting CXX compile features - done
[0.614s] -- Found ament_cmake: 2.5.3 (/opt/ros/jazzy/share/ament_cmake/cmake)
[0.841s] -- Found Python3: /usr/bin/python3 (found version "3.12.3") found components: Interpreter 
[1.001s] -- Found rclcpp: 28.1.6 (/opt/ros/jazzy/share/rclcpp/cmake)
[1.064s] -- Found rosidl_generator_c: 4.6.5 (/opt/ros/jazzy/share/rosidl_generator_c/cmake)
[1.084s] -- Found rosidl_generator_cpp: 4.6.5 (/opt/ros/jazzy/share/rosidl_generator_cpp/cmake)
[1.108s] -- Using all available rosidl_typesupport_c: rosidl_typesupport_fastrtps_c;rosidl_typesupport_introspection_c
[1.136s] -- Using all available rosidl_typesupport_cpp: rosidl_typesupport_fastrtps_cpp;rosidl_typesupport_introspection_cpp
[1.256s] -- Found rmw_implementation_cmake: 7.3.1 (/opt/ros/jazzy/share/rmw_implementation_cmake/cmake)
[1.260s] -- Found rmw_fastrtps_cpp: 8.4.1 (/opt/ros/jazzy/share/rmw_fastrtps_cpp/cmake)
[1.402s] -- Found OpenSSL: /usr/lib/x86_64-linux-gnu/libcrypto.so (found version "3.0.13")  
[1.436s] -- Found FastRTPS: /opt/ros/jazzy/include (Required is at least version "2.13") 
[1.478s] -- Using RMW implementation 'rmw_fastrtps_cpp' as default
[1.736s] -- Configuring done (1.7s)
[1.754s] -- Generating done (0.0s)
[1.759s] -- Build files have been written to: /home/vhorvat/Documents/ros2_ws/src/dynamixel_mx64_control/build/dynamixel_mx64_control
[1.779s] Invoked command in '/home/vhorvat/Documents/ros2_ws/src/dynamixel_mx64_control/build/dynamixel_mx64_control' returned '0': CMAKE_PREFIX_PATH=${CMAKE_PREFIX_PATH}:/opt/ros/jazzy DEBUGINFOD_URLS=https://debuginfod.ubuntu.com /usr/bin/cmake /home/vhorvat/Documents/ros2_ws/src/dynamixel_mx64_control -DCMAKE_INSTALL_PREFIX=/home/vhorvat/Documents/ros2_ws/src/dynamixel_mx64_control/install/dynamixel_mx64_control
[1.781s] Invoking command in '/home/vhorvat/Documents/ros2_ws/src/dynamixel_mx64_control/build/dynamixel_mx64_control': CMAKE_PREFIX_PATH=${CMAKE_PREFIX_PATH}:/opt/ros/jazzy DEBUGINFOD_URLS=https://debuginfod.ubuntu.com /usr/bin/cmake --build /home/vhorvat/Documents/ros2_ws/src/dynamixel_mx64_control/build/dynamixel_mx64_control -- -j16 -l16
[1.873s] [ 50%] [32mBuilding CXX object CMakeFiles/dynamixel_simple_node.dir/src/dynamixel_simple.cpp.o[0m
[5.802s] [100%] [32m[1mLinking CXX executable dynamixel_simple_node[0m
[5.968s] [100%] Built target dynamixel_simple_node
[5.988s] Invoked command in '/home/vhorvat/Documents/ros2_ws/src/dynamixel_mx64_control/build/dynamixel_mx64_control' returned '0': CMAKE_PREFIX_PATH=${CMAKE_PREFIX_PATH}:/opt/ros/jazzy DEBUGINFOD_URLS=https://debuginfod.ubuntu.com /usr/bin/cmake --build /home/vhorvat/Documents/ros2_ws/src/dynamixel_mx64_control/build/dynamixel_mx64_control -- -j16 -l16
[6.004s] Invoking command in '/home/vhorvat/Documents/ros2_ws/src/dynamixel_mx64_control/build/dynamixel_mx64_control': CMAKE_PREFIX_PATH=${CMAKE_PREFIX_PATH}:/opt/ros/jazzy DEBUGINFOD_URLS=https://debuginfod.ubuntu.com /usr/bin/cmake --install /home/vhorvat/Documents/ros2_ws/src/dynamixel_mx64_control/build/dynamixel_mx64_control
[6.016s] -- Install configuration: ""
[6.017s] -- Installing: /home/vhorvat/Documents/ros2_ws/src/dynamixel_mx64_control/install/dynamixel_mx64_control/lib/dynamixel_mx64_control/dynamixel_simple_node
[6.018s] -- Set non-toolchain portion of runtime path of "/home/vhorvat/Documents/ros2_ws/src/dynamixel_mx64_control/install/dynamixel_mx64_control/lib/dynamixel_mx64_control/dynamixel_simple_node" to ""
[6.018s] -- Installing: /home/vhorvat/Documents/ros2_ws/src/dynamixel_mx64_control/install/dynamixel_mx64_control/share/ament_index/resource_index/package_run_dependencies/dynamixel_mx64_control
[6.019s] -- Installing: /home/vhorvat/Documents/ros2_ws/src/dynamixel_mx64_control/install/dynamixel_mx64_control/share/ament_index/resource_index/parent_prefix_path/dynamixel_mx64_control
[6.019s] -- Installing: /home/vhorvat/Documents/ros2_ws/src/dynamixel_mx64_control/install/dynamixel_mx64_control/share/dynamixel_mx64_control/environment/ament_prefix_path.sh
[6.020s] -- Installing: /home/vhorvat/Documents/ros2_ws/src/dynamixel_mx64_control/install/dynamixel_mx64_control/share/dynamixel_mx64_control/environment/ament_prefix_path.dsv
[6.020s] -- Installing: /home/vhorvat/Documents/ros2_ws/src/dynamixel_mx64_control/install/dynamixel_mx64_control/share/dynamixel_mx64_control/environment/path.sh
[6.020s] -- Installing: /home/vhorvat/Documents/ros2_ws/src/dynamixel_mx64_control/install/dynamixel_mx64_control/share/dynamixel_mx64_control/environment/path.dsv
[6.021s] -- Installing: /home/vhorvat/Documents/ros2_ws/src/dynamixel_mx64_control/install/dynamixel_mx64_control/share/dynamixel_mx64_control/local_setup.bash
[6.021s] -- Installing: /home/vhorvat/Documents/ros2_ws/src/dynamixel_mx64_control/install/dynamixel_mx64_control/share/dynamixel_mx64_control/local_setup.sh
[6.022s] -- Installing: /home/vhorvat/Documents/ros2_ws/src/dynamixel_mx64_control/install/dynamixel_mx64_control/share/dynamixel_mx64_control/local_setup.zsh
[6.022s] -- Installing: /home/vhorvat/Documents/ros2_ws/src/dynamixel_mx64_control/install/dynamixel_mx64_control/share/dynamixel_mx64_control/local_setup.dsv
[6.023s] -- Installing: /home/vhorvat/Documents/ros2_ws/src/dynamixel_mx64_control/install/dynamixel_mx64_control/share/dynamixel_mx64_control/package.dsv
[6.024s] -- Installing: /home/vhorvat/Documents/ros2_ws/src/dynamixel_mx64_control/install/dynamixel_mx64_control/share/ament_index/resource_index/packages/dynamixel_mx64_control
[6.024s] -- Installing: /home/vhorvat/Documents/ros2_ws/src/dynamixel_mx64_control/install/dynamixel_mx64_control/share/dynamixel_mx64_control/cmake/dynamixel_mx64_controlConfig.cmake
[6.025s] -- Installing: /home/vhorvat/Documents/ros2_ws/src/dynamixel_mx64_control/install/dynamixel_mx64_control/share/dynamixel_mx64_control/cmake/dynamixel_mx64_controlConfig-version.cmake
[6.025s] -- Installing: /home/vhorvat/Documents/ros2_ws/src/dynamixel_mx64_control/install/dynamixel_mx64_control/share/dynamixel_mx64_control/package.xml
[6.029s] Invoked command in '/home/vhorvat/Documents/ros2_ws/src/dynamixel_mx64_control/build/dynamixel_mx64_control' returned '0': CMAKE_PREFIX_PATH=${CMAKE_PREFIX_PATH}:/opt/ros/jazzy DEBUGINFOD_URLS=https://debuginfod.ubuntu.com /usr/bin/cmake --install /home/vhorvat/Documents/ros2_ws/src/dynamixel_mx64_control/build/dynamixel_mx64_control
