[0.160s] DEBUG:colcon:Command line arguments: ['/usr/bin/colcon', 'build']
[0.160s] DEBUG:colcon:Parsed command line arguments: Namespace(log_base=None, log_level=None, verb_name='build', build_base='build', install_base='install', merge_install=False, symlink_install=False, test_result_base=None, continue_on_error=False, executor='parallel', parallel_workers=16, event_handlers=None, ignore_user_meta=False, metas=['./colcon.meta'], base_paths=['.'], packages_ignore=None, packages_ignore_regex=None, paths=None, packages_up_to=None, packages_up_to_regex=None, packages_above=None, packages_above_and_dependencies=None, packages_above_depth=None, packages_select_by_dep=None, packages_skip_by_dep=None, packages_skip_up_to=None, packages_select_build_failed=False, packages_skip_build_finished=False, packages_select_test_failures=False, packages_skip_test_passed=False, packages_select=None, packages_skip=None, packages_select_regex=None, packages_skip_regex=None, packages_start=None, packages_end=None, allow_overriding=[], cmake_args=None, cmake_target=None, cmake_target_skip_unavailable=False, cmake_clean_cache=False, cmake_clean_first=False, cmake_force_configure=False, ament_cmake_args=None, catkin_cmake_args=None, catkin_skip_building_tests=False, mixin_files=None, mixin=None, verb_parser=<colcon_mixin.mixin.mixin_argument.MixinArgumentDecorator object at 0x7385517000e0>, verb_extension=<colcon_core.verb.build.BuildVerb object at 0x738550db2c00>, main=<bound method BuildVerb.main of <colcon_core.verb.build.BuildVerb object at 0x738550db2c00>>, mixin_verb=('build',))
[0.221s] Level 1:colcon.colcon_core.package_discovery:discover_packages(colcon_meta) check parameters
[0.221s] Level 1:colcon.colcon_core.package_discovery:discover_packages(recursive) check parameters
[0.221s] Level 1:colcon.colcon_core.package_discovery:discover_packages(ignore) check parameters
[0.221s] Level 1:colcon.colcon_core.package_discovery:discover_packages(path) check parameters
[0.222s] Level 1:colcon.colcon_core.package_discovery:discover_packages(colcon_meta) discover
[0.222s] Level 1:colcon.colcon_core.package_discovery:discover_packages(recursive) discover
[0.222s] INFO:colcon.colcon_core.package_discovery:Crawling recursively for packages in '/home/vhorvat/Documents/ros2_ws/src/dynamixel_mx64_control'
[0.222s] Level 1:colcon.colcon_core.package_identification:_identify(.) by extensions ['ignore', 'ignore_ament_install']
[0.222s] Level 1:colcon.colcon_core.package_identification:_identify(.) by extension 'ignore'
[0.222s] Level 1:colcon.colcon_core.package_identification:_identify(.) by extension 'ignore_ament_install'
[0.222s] Level 1:colcon.colcon_core.package_identification:_identify(.) by extensions ['colcon_pkg']
[0.222s] Level 1:colcon.colcon_core.package_identification:_identify(.) by extension 'colcon_pkg'
[0.222s] Level 1:colcon.colcon_core.package_identification:_identify(.) by extensions ['colcon_meta']
[0.222s] Level 1:colcon.colcon_core.package_identification:_identify(.) by extension 'colcon_meta'
[0.223s] Level 1:colcon.colcon_core.package_identification:_identify(.) by extensions ['ros']
[0.223s] Level 1:colcon.colcon_core.package_identification:_identify(.) by extension 'ros'
[0.263s] DEBUG:colcon.colcon_core.package_identification:Package '.' with type 'ros.ament_cmake' and name 'dynamixel_mx64_control'
[0.263s] Level 1:colcon.colcon_core.package_discovery:discover_packages(recursive) using defaults
[0.263s] Level 1:colcon.colcon_core.package_discovery:discover_packages(ignore) discover
[0.263s] Level 1:colcon.colcon_core.package_discovery:discover_packages(ignore) using defaults
[0.263s] Level 1:colcon.colcon_core.package_discovery:discover_packages(path) discover
[0.263s] Level 1:colcon.colcon_core.package_discovery:discover_packages(path) using defaults
[0.288s] Level 1:colcon.colcon_core.package_discovery:discover_packages(prefix_path) check parameters
[0.288s] Level 1:colcon.colcon_core.package_discovery:discover_packages(prefix_path) discover
[0.292s] DEBUG:colcon.colcon_installed_package_information.package_discovery:Found 285 installed packages in /opt/ros/jazzy
[0.293s] Level 1:colcon.colcon_core.package_discovery:discover_packages(prefix_path) using defaults
[0.355s] Level 5:colcon.colcon_core.verb:set package 'dynamixel_mx64_control' build argument 'cmake_args' from command line to 'None'
[0.355s] Level 5:colcon.colcon_core.verb:set package 'dynamixel_mx64_control' build argument 'cmake_target' from command line to 'None'
[0.355s] Level 5:colcon.colcon_core.verb:set package 'dynamixel_mx64_control' build argument 'cmake_target_skip_unavailable' from command line to 'False'
[0.355s] Level 5:colcon.colcon_core.verb:set package 'dynamixel_mx64_control' build argument 'cmake_clean_cache' from command line to 'False'
[0.355s] Level 5:colcon.colcon_core.verb:set package 'dynamixel_mx64_control' build argument 'cmake_clean_first' from command line to 'False'
[0.355s] Level 5:colcon.colcon_core.verb:set package 'dynamixel_mx64_control' build argument 'cmake_force_configure' from command line to 'False'
[0.355s] Level 5:colcon.colcon_core.verb:set package 'dynamixel_mx64_control' build argument 'ament_cmake_args' from command line to 'None'
[0.355s] Level 5:colcon.colcon_core.verb:set package 'dynamixel_mx64_control' build argument 'catkin_cmake_args' from command line to 'None'
[0.355s] Level 5:colcon.colcon_core.verb:set package 'dynamixel_mx64_control' build argument 'catkin_skip_building_tests' from command line to 'False'
[0.355s] DEBUG:colcon.colcon_core.verb:Building package 'dynamixel_mx64_control' with the following arguments: {'ament_cmake_args': None, 'build_base': '/home/vhorvat/Documents/ros2_ws/src/dynamixel_mx64_control/build/dynamixel_mx64_control', 'catkin_cmake_args': None, 'catkin_skip_building_tests': False, 'cmake_args': None, 'cmake_clean_cache': False, 'cmake_clean_first': False, 'cmake_force_configure': False, 'cmake_target': None, 'cmake_target_skip_unavailable': False, 'install_base': '/home/vhorvat/Documents/ros2_ws/src/dynamixel_mx64_control/install/dynamixel_mx64_control', 'merge_install': False, 'path': '/home/vhorvat/Documents/ros2_ws/src/dynamixel_mx64_control', 'symlink_install': False, 'test_result_base': None}
[0.355s] INFO:colcon.colcon_core.executor:Executing jobs using 'parallel' executor
[0.357s] DEBUG:colcon.colcon_parallel_executor.executor.parallel:run_until_complete
[0.357s] INFO:colcon.colcon_ros.task.ament_cmake.build:Building ROS package in '/home/vhorvat/Documents/ros2_ws/src/dynamixel_mx64_control' with build type 'ament_cmake'
[0.357s] INFO:colcon.colcon_cmake.task.cmake.build:Building CMake package in '/home/vhorvat/Documents/ros2_ws/src/dynamixel_mx64_control'
[0.360s] INFO:colcon.colcon_core.plugin_system:Skipping extension 'colcon_core.shell.bat': Not used on non-Windows systems
[0.361s] INFO:colcon.colcon_core.shell:Skip shell extension 'powershell' for command environment: Not usable outside of PowerShell
[0.361s] DEBUG:colcon.colcon_core.shell:Skip shell extension 'dsv' for command environment
[0.375s] DEBUG:colcon.colcon_core.event_handler.log_command:Invoking command in '/home/vhorvat/Documents/ros2_ws/src/dynamixel_mx64_control/build/dynamixel_mx64_control': CMAKE_PREFIX_PATH=${CMAKE_PREFIX_PATH}:/opt/ros/jazzy DEBUGINFOD_URLS=https://debuginfod.ubuntu.com /usr/bin/cmake /home/vhorvat/Documents/ros2_ws/src/dynamixel_mx64_control -DCMAKE_INSTALL_PREFIX=/home/vhorvat/Documents/ros2_ws/src/dynamixel_mx64_control/install/dynamixel_mx64_control
[2.137s] DEBUG:colcon.colcon_core.event_handler.log_command:Invoked command in '/home/vhorvat/Documents/ros2_ws/src/dynamixel_mx64_control/build/dynamixel_mx64_control' returned '0': CMAKE_PREFIX_PATH=${CMAKE_PREFIX_PATH}:/opt/ros/jazzy DEBUGINFOD_URLS=https://debuginfod.ubuntu.com /usr/bin/cmake /home/vhorvat/Documents/ros2_ws/src/dynamixel_mx64_control -DCMAKE_INSTALL_PREFIX=/home/vhorvat/Documents/ros2_ws/src/dynamixel_mx64_control/install/dynamixel_mx64_control
[2.139s] DEBUG:colcon.colcon_core.event_handler.log_command:Invoking command in '/home/vhorvat/Documents/ros2_ws/src/dynamixel_mx64_control/build/dynamixel_mx64_control': CMAKE_PREFIX_PATH=${CMAKE_PREFIX_PATH}:/opt/ros/jazzy DEBUGINFOD_URLS=https://debuginfod.ubuntu.com /usr/bin/cmake --build /home/vhorvat/Documents/ros2_ws/src/dynamixel_mx64_control/build/dynamixel_mx64_control -- -j16 -l16
[6.346s] DEBUG:colcon.colcon_core.event_handler.log_command:Invoked command in '/home/vhorvat/Documents/ros2_ws/src/dynamixel_mx64_control/build/dynamixel_mx64_control' returned '0': CMAKE_PREFIX_PATH=${CMAKE_PREFIX_PATH}:/opt/ros/jazzy DEBUGINFOD_URLS=https://debuginfod.ubuntu.com /usr/bin/cmake --build /home/vhorvat/Documents/ros2_ws/src/dynamixel_mx64_control/build/dynamixel_mx64_control -- -j16 -l16
[6.363s] DEBUG:colcon.colcon_core.event_handler.log_command:Invoking command in '/home/vhorvat/Documents/ros2_ws/src/dynamixel_mx64_control/build/dynamixel_mx64_control': CMAKE_PREFIX_PATH=${CMAKE_PREFIX_PATH}:/opt/ros/jazzy DEBUGINFOD_URLS=https://debuginfod.ubuntu.com /usr/bin/cmake --install /home/vhorvat/Documents/ros2_ws/src/dynamixel_mx64_control/build/dynamixel_mx64_control
[6.386s] Level 1:colcon.colcon_core.environment:create_environment_scripts_only(dynamixel_mx64_control)
[6.387s] DEBUG:colcon.colcon_core.event_handler.log_command:Invoked command in '/home/vhorvat/Documents/ros2_ws/src/dynamixel_mx64_control/build/dynamixel_mx64_control' returned '0': CMAKE_PREFIX_PATH=${CMAKE_PREFIX_PATH}:/opt/ros/jazzy DEBUGINFOD_URLS=https://debuginfod.ubuntu.com /usr/bin/cmake --install /home/vhorvat/Documents/ros2_ws/src/dynamixel_mx64_control/build/dynamixel_mx64_control
[6.390s] Level 1:colcon.colcon_core.environment:checking '/home/vhorvat/Documents/ros2_ws/src/dynamixel_mx64_control/install/dynamixel_mx64_control' for CMake module files
[6.391s] Level 1:colcon.colcon_core.environment:checking '/home/vhorvat/Documents/ros2_ws/src/dynamixel_mx64_control/install/dynamixel_mx64_control' for CMake config files
[6.391s] Level 1:colcon.colcon_core.shell:create_environment_hook('dynamixel_mx64_control', 'cmake_prefix_path')
[6.392s] INFO:colcon.colcon_core.shell:Creating environment hook '/home/vhorvat/Documents/ros2_ws/src/dynamixel_mx64_control/install/dynamixel_mx64_control/share/dynamixel_mx64_control/hook/cmake_prefix_path.ps1'
[6.392s] INFO:colcon.colcon_core.shell:Creating environment descriptor '/home/vhorvat/Documents/ros2_ws/src/dynamixel_mx64_control/install/dynamixel_mx64_control/share/dynamixel_mx64_control/hook/cmake_prefix_path.dsv'
[6.393s] INFO:colcon.colcon_core.shell:Creating environment hook '/home/vhorvat/Documents/ros2_ws/src/dynamixel_mx64_control/install/dynamixel_mx64_control/share/dynamixel_mx64_control/hook/cmake_prefix_path.sh'
[6.394s] Level 1:colcon.colcon_core.environment:checking '/home/vhorvat/Documents/ros2_ws/src/dynamixel_mx64_control/install/dynamixel_mx64_control/lib'
[6.394s] Level 1:colcon.colcon_core.environment:checking '/home/vhorvat/Documents/ros2_ws/src/dynamixel_mx64_control/install/dynamixel_mx64_control/bin'
[6.394s] Level 1:colcon.colcon_core.environment:checking '/home/vhorvat/Documents/ros2_ws/src/dynamixel_mx64_control/install/dynamixel_mx64_control/lib/pkgconfig/dynamixel_mx64_control.pc'
[6.395s] Level 1:colcon.colcon_core.environment:checking '/home/vhorvat/Documents/ros2_ws/src/dynamixel_mx64_control/install/dynamixel_mx64_control/lib/python3.12/site-packages'
[6.395s] Level 1:colcon.colcon_core.environment:checking '/home/vhorvat/Documents/ros2_ws/src/dynamixel_mx64_control/install/dynamixel_mx64_control/bin'
[6.395s] INFO:colcon.colcon_core.shell:Creating package script '/home/vhorvat/Documents/ros2_ws/src/dynamixel_mx64_control/install/dynamixel_mx64_control/share/dynamixel_mx64_control/package.ps1'
[6.396s] INFO:colcon.colcon_core.shell:Creating package descriptor '/home/vhorvat/Documents/ros2_ws/src/dynamixel_mx64_control/install/dynamixel_mx64_control/share/dynamixel_mx64_control/package.dsv'
[6.397s] INFO:colcon.colcon_core.shell:Creating package script '/home/vhorvat/Documents/ros2_ws/src/dynamixel_mx64_control/install/dynamixel_mx64_control/share/dynamixel_mx64_control/package.sh'
[6.398s] INFO:colcon.colcon_core.shell:Creating package script '/home/vhorvat/Documents/ros2_ws/src/dynamixel_mx64_control/install/dynamixel_mx64_control/share/dynamixel_mx64_control/package.bash'
[6.399s] INFO:colcon.colcon_core.shell:Creating package script '/home/vhorvat/Documents/ros2_ws/src/dynamixel_mx64_control/install/dynamixel_mx64_control/share/dynamixel_mx64_control/package.zsh'
[6.399s] Level 1:colcon.colcon_core.environment:create_file_with_runtime_dependencies(/home/vhorvat/Documents/ros2_ws/src/dynamixel_mx64_control/install/dynamixel_mx64_control/share/colcon-core/packages/dynamixel_mx64_control)
[6.400s] Level 1:colcon.colcon_core.environment:create_environment_scripts_only(dynamixel_mx64_control)
[6.401s] Level 1:colcon.colcon_core.environment:checking '/home/vhorvat/Documents/ros2_ws/src/dynamixel_mx64_control/install/dynamixel_mx64_control' for CMake module files
[6.402s] Level 1:colcon.colcon_core.environment:checking '/home/vhorvat/Documents/ros2_ws/src/dynamixel_mx64_control/install/dynamixel_mx64_control' for CMake config files
[6.402s] Level 1:colcon.colcon_core.shell:create_environment_hook('dynamixel_mx64_control', 'cmake_prefix_path')
[6.402s] INFO:colcon.colcon_core.shell:Creating environment hook '/home/vhorvat/Documents/ros2_ws/src/dynamixel_mx64_control/install/dynamixel_mx64_control/share/dynamixel_mx64_control/hook/cmake_prefix_path.ps1'
[6.403s] INFO:colcon.colcon_core.shell:Creating environment descriptor '/home/vhorvat/Documents/ros2_ws/src/dynamixel_mx64_control/install/dynamixel_mx64_control/share/dynamixel_mx64_control/hook/cmake_prefix_path.dsv'
[6.403s] INFO:colcon.colcon_core.shell:Creating environment hook '/home/vhorvat/Documents/ros2_ws/src/dynamixel_mx64_control/install/dynamixel_mx64_control/share/dynamixel_mx64_control/hook/cmake_prefix_path.sh'
[6.404s] Level 1:colcon.colcon_core.environment:checking '/home/vhorvat/Documents/ros2_ws/src/dynamixel_mx64_control/install/dynamixel_mx64_control/lib'
[6.404s] Level 1:colcon.colcon_core.environment:checking '/home/vhorvat/Documents/ros2_ws/src/dynamixel_mx64_control/install/dynamixel_mx64_control/bin'
[6.404s] Level 1:colcon.colcon_core.environment:checking '/home/vhorvat/Documents/ros2_ws/src/dynamixel_mx64_control/install/dynamixel_mx64_control/lib/pkgconfig/dynamixel_mx64_control.pc'
[6.404s] Level 1:colcon.colcon_core.environment:checking '/home/vhorvat/Documents/ros2_ws/src/dynamixel_mx64_control/install/dynamixel_mx64_control/lib/python3.12/site-packages'
[6.405s] Level 1:colcon.colcon_core.environment:checking '/home/vhorvat/Documents/ros2_ws/src/dynamixel_mx64_control/install/dynamixel_mx64_control/bin'
[6.405s] INFO:colcon.colcon_core.shell:Creating package script '/home/vhorvat/Documents/ros2_ws/src/dynamixel_mx64_control/install/dynamixel_mx64_control/share/dynamixel_mx64_control/package.ps1'
[6.406s] INFO:colcon.colcon_core.shell:Creating package descriptor '/home/vhorvat/Documents/ros2_ws/src/dynamixel_mx64_control/install/dynamixel_mx64_control/share/dynamixel_mx64_control/package.dsv'
[6.406s] INFO:colcon.colcon_core.shell:Creating package script '/home/vhorvat/Documents/ros2_ws/src/dynamixel_mx64_control/install/dynamixel_mx64_control/share/dynamixel_mx64_control/package.sh'
[6.407s] INFO:colcon.colcon_core.shell:Creating package script '/home/vhorvat/Documents/ros2_ws/src/dynamixel_mx64_control/install/dynamixel_mx64_control/share/dynamixel_mx64_control/package.bash'
[6.408s] INFO:colcon.colcon_core.shell:Creating package script '/home/vhorvat/Documents/ros2_ws/src/dynamixel_mx64_control/install/dynamixel_mx64_control/share/dynamixel_mx64_control/package.zsh'
[6.408s] Level 1:colcon.colcon_core.environment:create_file_with_runtime_dependencies(/home/vhorvat/Documents/ros2_ws/src/dynamixel_mx64_control/install/dynamixel_mx64_control/share/colcon-core/packages/dynamixel_mx64_control)
[6.409s] DEBUG:colcon.colcon_parallel_executor.executor.parallel:closing loop
[6.409s] DEBUG:colcon.colcon_parallel_executor.executor.parallel:loop closed
[6.409s] DEBUG:colcon.colcon_parallel_executor.executor.parallel:run_until_complete finished with '0'
[6.409s] DEBUG:colcon.colcon_core.event_reactor:joining thread
[6.418s] INFO:colcon.colcon_core.plugin_system:Skipping extension 'colcon_notification.desktop_notification.terminal_notifier': Not used on non-Darwin systems
[6.418s] INFO:colcon.colcon_core.plugin_system:Skipping extension 'colcon_notification.desktop_notification.win32': Not used on non-Windows systems
[6.418s] INFO:colcon.colcon_notification.desktop_notification:Sending desktop notification using 'notify2'
[6.438s] DEBUG:colcon.colcon_core.event_reactor:joined thread
[6.439s] INFO:colcon.colcon_core.shell:Creating prefix script '/home/vhorvat/Documents/ros2_ws/src/dynamixel_mx64_control/install/local_setup.ps1'
[6.441s] INFO:colcon.colcon_core.shell:Creating prefix util module '/home/vhorvat/Documents/ros2_ws/src/dynamixel_mx64_control/install/_local_setup_util_ps1.py'
[6.443s] INFO:colcon.colcon_core.shell:Creating prefix chain script '/home/vhorvat/Documents/ros2_ws/src/dynamixel_mx64_control/install/setup.ps1'
[6.444s] INFO:colcon.colcon_core.shell:Creating prefix script '/home/vhorvat/Documents/ros2_ws/src/dynamixel_mx64_control/install/local_setup.sh'
[6.445s] INFO:colcon.colcon_core.shell:Creating prefix util module '/home/vhorvat/Documents/ros2_ws/src/dynamixel_mx64_control/install/_local_setup_util_sh.py'
[6.446s] INFO:colcon.colcon_core.shell:Creating prefix chain script '/home/vhorvat/Documents/ros2_ws/src/dynamixel_mx64_control/install/setup.sh'
[6.447s] INFO:colcon.colcon_core.shell:Creating prefix script '/home/vhorvat/Documents/ros2_ws/src/dynamixel_mx64_control/install/local_setup.bash'
[6.447s] INFO:colcon.colcon_core.shell:Creating prefix chain script '/home/vhorvat/Documents/ros2_ws/src/dynamixel_mx64_control/install/setup.bash'
[6.449s] INFO:colcon.colcon_core.shell:Creating prefix script '/home/vhorvat/Documents/ros2_ws/src/dynamixel_mx64_control/install/local_setup.zsh'
[6.449s] INFO:colcon.colcon_core.shell:Creating prefix chain script '/home/vhorvat/Documents/ros2_ws/src/dynamixel_mx64_control/install/setup.zsh'
