[0.168s] DEBUG:colcon:Command line arguments: ['/usr/bin/colcon', 'build']
[0.168s] DEBUG:colcon:Parsed command line arguments: Namespace(log_base=None, log_level=None, verb_name='build', build_base='build', install_base='install', merge_install=False, symlink_install=False, test_result_base=None, continue_on_error=False, executor='parallel', parallel_workers=16, event_handlers=None, ignore_user_meta=False, metas=['./colcon.meta'], base_paths=['.'], packages_ignore=None, packages_ignore_regex=None, paths=None, packages_up_to=None, packages_up_to_regex=None, packages_above=None, packages_above_and_dependencies=None, packages_above_depth=None, packages_select_by_dep=None, packages_skip_by_dep=None, packages_skip_up_to=None, packages_select_build_failed=False, packages_skip_build_finished=False, packages_select_test_failures=False, packages_skip_test_passed=False, packages_select=None, packages_skip=None, packages_select_regex=None, packages_skip_regex=None, packages_start=None, packages_end=None, allow_overriding=[], cmake_args=None, cmake_target=None, cmake_target_skip_unavailable=False, cmake_clean_cache=False, cmake_clean_first=False, cmake_force_configure=False, ament_cmake_args=None, catkin_cmake_args=None, catkin_skip_building_tests=False, mixin_files=None, mixin=None, verb_parser=<colcon_mixin.mixin.mixin_argument.MixinArgumentDecorator object at 0x76b79a772e10>, verb_extension=<colcon_core.verb.build.BuildVerb object at 0x76b79a8a2c90>, main=<bound method BuildVerb.main of <colcon_core.verb.build.BuildVerb object at 0x76b79a8a2c90>>, mixin_verb=('build',))
[0.232s] Level 1:colcon.colcon_core.package_discovery:discover_packages(colcon_meta) check parameters
[0.232s] Level 1:colcon.colcon_core.package_discovery:discover_packages(recursive) check parameters
[0.232s] Level 1:colcon.colcon_core.package_discovery:discover_packages(ignore) check parameters
[0.232s] Level 1:colcon.colcon_core.package_discovery:discover_packages(path) check parameters
[0.232s] Level 1:colcon.colcon_core.package_discovery:discover_packages(colcon_meta) discover
[0.232s] Level 1:colcon.colcon_core.package_discovery:discover_packages(recursive) discover
[0.232s] INFO:colcon.colcon_core.package_discovery:Crawling recursively for packages in '/home/vhorvat/Documents/master_thesis/ros2_ws'
[0.232s] Level 1:colcon.colcon_core.package_identification:_identify(.) by extensions ['ignore', 'ignore_ament_install']
[0.233s] Level 1:colcon.colcon_core.package_identification:_identify(.) by extension 'ignore'
[0.233s] Level 1:colcon.colcon_core.package_identification:_identify(.) by extension 'ignore_ament_install'
[0.233s] Level 1:colcon.colcon_core.package_identification:_identify(.) by extensions ['colcon_pkg']
[0.233s] Level 1:colcon.colcon_core.package_identification:_identify(.) by extension 'colcon_pkg'
[0.233s] Level 1:colcon.colcon_core.package_identification:_identify(.) by extensions ['colcon_meta']
[0.233s] Level 1:colcon.colcon_core.package_identification:_identify(.) by extension 'colcon_meta'
[0.233s] Level 1:colcon.colcon_core.package_identification:_identify(.) by extensions ['ros']
[0.233s] Level 1:colcon.colcon_core.package_identification:_identify(.) by extension 'ros'
[0.271s] Level 1:colcon.colcon_core.package_identification:_identify(.) by extensions ['cmake', 'python']
[0.271s] Level 1:colcon.colcon_core.package_identification:_identify(.) by extension 'cmake'
[0.271s] Level 1:colcon.colcon_core.package_identification:_identify(.) by extension 'python'
[0.271s] Level 1:colcon.colcon_core.package_identification:_identify(.) by extensions ['python_setup_py']
[0.271s] Level 1:colcon.colcon_core.package_identification:_identify(.) by extension 'python_setup_py'
[0.271s] Level 1:colcon.colcon_core.package_identification:_identify(build) by extensions ['ignore', 'ignore_ament_install']
[0.272s] Level 1:colcon.colcon_core.package_identification:_identify(build) by extension 'ignore'
[0.272s] Level 1:colcon.colcon_core.package_identification:_identify(build) ignored
[0.272s] Level 1:colcon.colcon_core.package_identification:_identify(install) by extensions ['ignore', 'ignore_ament_install']
[0.272s] Level 1:colcon.colcon_core.package_identification:_identify(install) by extension 'ignore'
[0.272s] Level 1:colcon.colcon_core.package_identification:_identify(install) ignored
[0.272s] Level 1:colcon.colcon_core.package_identification:_identify(log) by extensions ['ignore', 'ignore_ament_install']
[0.272s] Level 1:colcon.colcon_core.package_identification:_identify(log) by extension 'ignore'
[0.272s] Level 1:colcon.colcon_core.package_identification:_identify(log) ignored
[0.272s] Level 1:colcon.colcon_core.package_identification:_identify(src) by extensions ['ignore', 'ignore_ament_install']
[0.273s] Level 1:colcon.colcon_core.package_identification:_identify(src) by extension 'ignore'
[0.273s] Level 1:colcon.colcon_core.package_identification:_identify(src) by extension 'ignore_ament_install'
[0.273s] Level 1:colcon.colcon_core.package_identification:_identify(src) by extensions ['colcon_pkg']
[0.273s] Level 1:colcon.colcon_core.package_identification:_identify(src) by extension 'colcon_pkg'
[0.273s] Level 1:colcon.colcon_core.package_identification:_identify(src) by extensions ['colcon_meta']
[0.273s] Level 1:colcon.colcon_core.package_identification:_identify(src) by extension 'colcon_meta'
[0.273s] Level 1:colcon.colcon_core.package_identification:_identify(src) by extensions ['ros']
[0.273s] Level 1:colcon.colcon_core.package_identification:_identify(src) by extension 'ros'
[0.273s] Level 1:colcon.colcon_core.package_identification:_identify(src) by extensions ['cmake', 'python']
[0.273s] Level 1:colcon.colcon_core.package_identification:_identify(src) by extension 'cmake'
[0.273s] Level 1:colcon.colcon_core.package_identification:_identify(src) by extension 'python'
[0.273s] Level 1:colcon.colcon_core.package_identification:_identify(src) by extensions ['python_setup_py']
[0.273s] Level 1:colcon.colcon_core.package_identification:_identify(src) by extension 'python_setup_py'
[0.274s] Level 1:colcon.colcon_core.package_identification:_identify(src/dynamixel_mx64_control) by extensions ['ignore', 'ignore_ament_install']
[0.274s] Level 1:colcon.colcon_core.package_identification:_identify(src/dynamixel_mx64_control) by extension 'ignore'
[0.274s] Level 1:colcon.colcon_core.package_identification:_identify(src/dynamixel_mx64_control) by extension 'ignore_ament_install'
[0.274s] Level 1:colcon.colcon_core.package_identification:_identify(src/dynamixel_mx64_control) by extensions ['colcon_pkg']
[0.274s] Level 1:colcon.colcon_core.package_identification:_identify(src/dynamixel_mx64_control) by extension 'colcon_pkg'
[0.274s] Level 1:colcon.colcon_core.package_identification:_identify(src/dynamixel_mx64_control) by extensions ['colcon_meta']
[0.274s] Level 1:colcon.colcon_core.package_identification:_identify(src/dynamixel_mx64_control) by extension 'colcon_meta'
[0.274s] Level 1:colcon.colcon_core.package_identification:_identify(src/dynamixel_mx64_control) by extensions ['ros']
[0.274s] Level 1:colcon.colcon_core.package_identification:_identify(src/dynamixel_mx64_control) by extension 'ros'
[0.277s] DEBUG:colcon.colcon_core.package_identification:Package 'src/dynamixel_mx64_control' with type 'ros.ament_cmake' and name 'dynamixel_mx64_control'
[0.278s] Level 1:colcon.colcon_core.package_identification:_identify(src/test_node) by extensions ['ignore', 'ignore_ament_install']
[0.278s] Level 1:colcon.colcon_core.package_identification:_identify(src/test_node) by extension 'ignore'
[0.278s] Level 1:colcon.colcon_core.package_identification:_identify(src/test_node) by extension 'ignore_ament_install'
[0.278s] Level 1:colcon.colcon_core.package_identification:_identify(src/test_node) by extensions ['colcon_pkg']
[0.278s] Level 1:colcon.colcon_core.package_identification:_identify(src/test_node) by extension 'colcon_pkg'
[0.278s] Level 1:colcon.colcon_core.package_identification:_identify(src/test_node) by extensions ['colcon_meta']
[0.278s] Level 1:colcon.colcon_core.package_identification:_identify(src/test_node) by extension 'colcon_meta'
[0.278s] Level 1:colcon.colcon_core.package_identification:_identify(src/test_node) by extensions ['ros']
[0.278s] Level 1:colcon.colcon_core.package_identification:_identify(src/test_node) by extension 'ros'
[0.279s] DEBUG:colcon.colcon_core.package_identification:Package 'src/test_node' with type 'ros.ament_cmake' and name 'test_node'
[0.279s] Level 1:colcon.colcon_core.package_discovery:discover_packages(recursive) using defaults
[0.279s] Level 1:colcon.colcon_core.package_discovery:discover_packages(ignore) discover
[0.279s] Level 1:colcon.colcon_core.package_discovery:discover_packages(ignore) using defaults
[0.279s] Level 1:colcon.colcon_core.package_discovery:discover_packages(path) discover
[0.279s] Level 1:colcon.colcon_core.package_discovery:discover_packages(path) using defaults
[0.308s] Level 1:colcon.colcon_core.package_discovery:discover_packages(prefix_path) check parameters
[0.308s] Level 1:colcon.colcon_core.package_discovery:discover_packages(prefix_path) discover
[0.312s] DEBUG:colcon.colcon_installed_package_information.package_discovery:Found 285 installed packages in /opt/ros/jazzy
[0.313s] Level 1:colcon.colcon_core.package_discovery:discover_packages(prefix_path) using defaults
[0.377s] Level 5:colcon.colcon_core.verb:set package 'dynamixel_mx64_control' build argument 'cmake_args' from command line to 'None'
[0.377s] Level 5:colcon.colcon_core.verb:set package 'dynamixel_mx64_control' build argument 'cmake_target' from command line to 'None'
[0.377s] Level 5:colcon.colcon_core.verb:set package 'dynamixel_mx64_control' build argument 'cmake_target_skip_unavailable' from command line to 'False'
[0.377s] Level 5:colcon.colcon_core.verb:set package 'dynamixel_mx64_control' build argument 'cmake_clean_cache' from command line to 'False'
[0.377s] Level 5:colcon.colcon_core.verb:set package 'dynamixel_mx64_control' build argument 'cmake_clean_first' from command line to 'False'
[0.377s] Level 5:colcon.colcon_core.verb:set package 'dynamixel_mx64_control' build argument 'cmake_force_configure' from command line to 'False'
[0.377s] Level 5:colcon.colcon_core.verb:set package 'dynamixel_mx64_control' build argument 'ament_cmake_args' from command line to 'None'
[0.378s] Level 5:colcon.colcon_core.verb:set package 'dynamixel_mx64_control' build argument 'catkin_cmake_args' from command line to 'None'
[0.378s] Level 5:colcon.colcon_core.verb:set package 'dynamixel_mx64_control' build argument 'catkin_skip_building_tests' from command line to 'False'
[0.378s] DEBUG:colcon.colcon_core.verb:Building package 'dynamixel_mx64_control' with the following arguments: {'ament_cmake_args': None, 'build_base': '/home/vhorvat/Documents/master_thesis/ros2_ws/build/dynamixel_mx64_control', 'catkin_cmake_args': None, 'catkin_skip_building_tests': False, 'cmake_args': None, 'cmake_clean_cache': False, 'cmake_clean_first': False, 'cmake_force_configure': False, 'cmake_target': None, 'cmake_target_skip_unavailable': False, 'install_base': '/home/vhorvat/Documents/master_thesis/ros2_ws/install/dynamixel_mx64_control', 'merge_install': False, 'path': '/home/vhorvat/Documents/master_thesis/ros2_ws/src/dynamixel_mx64_control', 'symlink_install': False, 'test_result_base': None}
[0.378s] Level 5:colcon.colcon_core.verb:set package 'test_node' build argument 'cmake_args' from command line to 'None'
[0.378s] Level 5:colcon.colcon_core.verb:set package 'test_node' build argument 'cmake_target' from command line to 'None'
[0.378s] Level 5:colcon.colcon_core.verb:set package 'test_node' build argument 'cmake_target_skip_unavailable' from command line to 'False'
[0.378s] Level 5:colcon.colcon_core.verb:set package 'test_node' build argument 'cmake_clean_cache' from command line to 'False'
[0.378s] Level 5:colcon.colcon_core.verb:set package 'test_node' build argument 'cmake_clean_first' from command line to 'False'
[0.378s] Level 5:colcon.colcon_core.verb:set package 'test_node' build argument 'cmake_force_configure' from command line to 'False'
[0.378s] Level 5:colcon.colcon_core.verb:set package 'test_node' build argument 'ament_cmake_args' from command line to 'None'
[0.378s] Level 5:colcon.colcon_core.verb:set package 'test_node' build argument 'catkin_cmake_args' from command line to 'None'
[0.378s] Level 5:colcon.colcon_core.verb:set package 'test_node' build argument 'catkin_skip_building_tests' from command line to 'False'
[0.378s] DEBUG:colcon.colcon_core.verb:Building package 'test_node' with the following arguments: {'ament_cmake_args': None, 'build_base': '/home/vhorvat/Documents/master_thesis/ros2_ws/build/test_node', 'catkin_cmake_args': None, 'catkin_skip_building_tests': False, 'cmake_args': None, 'cmake_clean_cache': False, 'cmake_clean_first': False, 'cmake_force_configure': False, 'cmake_target': None, 'cmake_target_skip_unavailable': False, 'install_base': '/home/vhorvat/Documents/master_thesis/ros2_ws/install/test_node', 'merge_install': False, 'path': '/home/vhorvat/Documents/master_thesis/ros2_ws/src/test_node', 'symlink_install': False, 'test_result_base': None}
[0.379s] INFO:colcon.colcon_core.executor:Executing jobs using 'parallel' executor
[0.380s] DEBUG:colcon.colcon_parallel_executor.executor.parallel:run_until_complete
[0.380s] INFO:colcon.colcon_ros.task.ament_cmake.build:Building ROS package in '/home/vhorvat/Documents/master_thesis/ros2_ws/src/dynamixel_mx64_control' with build type 'ament_cmake'
[0.380s] INFO:colcon.colcon_cmake.task.cmake.build:Building CMake package in '/home/vhorvat/Documents/master_thesis/ros2_ws/src/dynamixel_mx64_control'
[0.384s] INFO:colcon.colcon_core.plugin_system:Skipping extension 'colcon_core.shell.bat': Not used on non-Windows systems
[0.384s] INFO:colcon.colcon_core.shell:Skip shell extension 'powershell' for command environment: Not usable outside of PowerShell
[0.384s] DEBUG:colcon.colcon_core.shell:Skip shell extension 'dsv' for command environment
[0.389s] INFO:colcon.colcon_ros.task.ament_cmake.build:Building ROS package in '/home/vhorvat/Documents/master_thesis/ros2_ws/src/test_node' with build type 'ament_cmake'
[0.390s] INFO:colcon.colcon_cmake.task.cmake.build:Building CMake package in '/home/vhorvat/Documents/master_thesis/ros2_ws/src/test_node'
[0.390s] INFO:colcon.colcon_core.shell:Skip shell extension 'powershell' for command environment: Not usable outside of PowerShell
[0.390s] DEBUG:colcon.colcon_core.shell:Skip shell extension 'dsv' for command environment
[0.402s] DEBUG:colcon.colcon_core.event_handler.log_command:Invoking command in '/home/vhorvat/Documents/master_thesis/ros2_ws/build/dynamixel_mx64_control': CMAKE_PREFIX_PATH=${CMAKE_PREFIX_PATH}:/opt/ros/jazzy DEBUGINFOD_URLS=https://debuginfod.ubuntu.com /usr/bin/cmake /home/vhorvat/Documents/master_thesis/ros2_ws/src/dynamixel_mx64_control -DCMAKE_INSTALL_PREFIX=/home/vhorvat/Documents/master_thesis/ros2_ws/install/dynamixel_mx64_control
[0.408s] DEBUG:colcon.colcon_core.event_handler.log_command:Invoking command in '/home/vhorvat/Documents/master_thesis/ros2_ws/build/test_node': CMAKE_PREFIX_PATH=${CMAKE_PREFIX_PATH}:/opt/ros/jazzy DEBUGINFOD_URLS=https://debuginfod.ubuntu.com /usr/bin/cmake /home/vhorvat/Documents/master_thesis/ros2_ws/src/test_node -DCMAKE_INSTALL_PREFIX=/home/vhorvat/Documents/master_thesis/ros2_ws/install/test_node
[2.168s] DEBUG:colcon.colcon_core.event_handler.log_command:Invoked command in '/home/vhorvat/Documents/master_thesis/ros2_ws/build/test_node' returned '0': CMAKE_PREFIX_PATH=${CMAKE_PREFIX_PATH}:/opt/ros/jazzy DEBUGINFOD_URLS=https://debuginfod.ubuntu.com /usr/bin/cmake /home/vhorvat/Documents/master_thesis/ros2_ws/src/test_node -DCMAKE_INSTALL_PREFIX=/home/vhorvat/Documents/master_thesis/ros2_ws/install/test_node
[2.171s] DEBUG:colcon.colcon_core.event_handler.log_command:Invoking command in '/home/vhorvat/Documents/master_thesis/ros2_ws/build/test_node': CMAKE_PREFIX_PATH=${CMAKE_PREFIX_PATH}:/opt/ros/jazzy DEBUGINFOD_URLS=https://debuginfod.ubuntu.com /usr/bin/cmake --build /home/vhorvat/Documents/master_thesis/ros2_ws/build/test_node -- -j16 -l16
[2.173s] DEBUG:colcon.colcon_core.event_handler.log_command:Invoked command in '/home/vhorvat/Documents/master_thesis/ros2_ws/build/dynamixel_mx64_control' returned '0': CMAKE_PREFIX_PATH=${CMAKE_PREFIX_PATH}:/opt/ros/jazzy DEBUGINFOD_URLS=https://debuginfod.ubuntu.com /usr/bin/cmake /home/vhorvat/Documents/master_thesis/ros2_ws/src/dynamixel_mx64_control -DCMAKE_INSTALL_PREFIX=/home/vhorvat/Documents/master_thesis/ros2_ws/install/dynamixel_mx64_control
[2.175s] DEBUG:colcon.colcon_core.event_handler.log_command:Invoking command in '/home/vhorvat/Documents/master_thesis/ros2_ws/build/dynamixel_mx64_control': CMAKE_PREFIX_PATH=${CMAKE_PREFIX_PATH}:/opt/ros/jazzy DEBUGINFOD_URLS=https://debuginfod.ubuntu.com /usr/bin/cmake --build /home/vhorvat/Documents/master_thesis/ros2_ws/build/dynamixel_mx64_control -- -j16 -l16
[6.477s] DEBUG:colcon.colcon_core.event_handler.log_command:Invoked command in '/home/vhorvat/Documents/master_thesis/ros2_ws/build/test_node' returned '0': CMAKE_PREFIX_PATH=${CMAKE_PREFIX_PATH}:/opt/ros/jazzy DEBUGINFOD_URLS=https://debuginfod.ubuntu.com /usr/bin/cmake --build /home/vhorvat/Documents/master_thesis/ros2_ws/build/test_node -- -j16 -l16
[6.493s] DEBUG:colcon.colcon_core.event_handler.log_command:Invoking command in '/home/vhorvat/Documents/master_thesis/ros2_ws/build/test_node': CMAKE_PREFIX_PATH=${CMAKE_PREFIX_PATH}:/opt/ros/jazzy DEBUGINFOD_URLS=https://debuginfod.ubuntu.com /usr/bin/cmake --install /home/vhorvat/Documents/master_thesis/ros2_ws/build/test_node
[6.514s] Level 1:colcon.colcon_core.environment:create_environment_scripts_only(test_node)
[6.515s] DEBUG:colcon.colcon_core.event_handler.log_command:Invoked command in '/home/vhorvat/Documents/master_thesis/ros2_ws/build/test_node' returned '0': CMAKE_PREFIX_PATH=${CMAKE_PREFIX_PATH}:/opt/ros/jazzy DEBUGINFOD_URLS=https://debuginfod.ubuntu.com /usr/bin/cmake --install /home/vhorvat/Documents/master_thesis/ros2_ws/build/test_node
[6.519s] Level 1:colcon.colcon_core.environment:checking '/home/vhorvat/Documents/master_thesis/ros2_ws/install/test_node' for CMake module files
[6.520s] Level 1:colcon.colcon_core.environment:checking '/home/vhorvat/Documents/master_thesis/ros2_ws/install/test_node' for CMake config files
[6.521s] Level 1:colcon.colcon_core.shell:create_environment_hook('test_node', 'cmake_prefix_path')
[6.521s] INFO:colcon.colcon_core.shell:Creating environment hook '/home/vhorvat/Documents/master_thesis/ros2_ws/install/test_node/share/test_node/hook/cmake_prefix_path.ps1'
[6.522s] INFO:colcon.colcon_core.shell:Creating environment descriptor '/home/vhorvat/Documents/master_thesis/ros2_ws/install/test_node/share/test_node/hook/cmake_prefix_path.dsv'
[6.522s] INFO:colcon.colcon_core.shell:Creating environment hook '/home/vhorvat/Documents/master_thesis/ros2_ws/install/test_node/share/test_node/hook/cmake_prefix_path.sh'
[6.523s] Level 1:colcon.colcon_core.environment:checking '/home/vhorvat/Documents/master_thesis/ros2_ws/install/test_node/lib'
[6.524s] Level 1:colcon.colcon_core.environment:checking '/home/vhorvat/Documents/master_thesis/ros2_ws/install/test_node/bin'
[6.524s] Level 1:colcon.colcon_core.environment:checking '/home/vhorvat/Documents/master_thesis/ros2_ws/install/test_node/lib/pkgconfig/test_node.pc'
[6.524s] Level 1:colcon.colcon_core.environment:checking '/home/vhorvat/Documents/master_thesis/ros2_ws/install/test_node/lib/python3.12/site-packages'
[6.524s] Level 1:colcon.colcon_core.environment:checking '/home/vhorvat/Documents/master_thesis/ros2_ws/install/test_node/bin'
[6.525s] INFO:colcon.colcon_core.shell:Creating package script '/home/vhorvat/Documents/master_thesis/ros2_ws/install/test_node/share/test_node/package.ps1'
[6.526s] INFO:colcon.colcon_core.shell:Creating package descriptor '/home/vhorvat/Documents/master_thesis/ros2_ws/install/test_node/share/test_node/package.dsv'
[6.526s] INFO:colcon.colcon_core.shell:Creating package script '/home/vhorvat/Documents/master_thesis/ros2_ws/install/test_node/share/test_node/package.sh'
[6.527s] INFO:colcon.colcon_core.shell:Creating package script '/home/vhorvat/Documents/master_thesis/ros2_ws/install/test_node/share/test_node/package.bash'
[6.528s] INFO:colcon.colcon_core.shell:Creating package script '/home/vhorvat/Documents/master_thesis/ros2_ws/install/test_node/share/test_node/package.zsh'
[6.529s] Level 1:colcon.colcon_core.environment:create_file_with_runtime_dependencies(/home/vhorvat/Documents/master_thesis/ros2_ws/install/test_node/share/colcon-core/packages/test_node)
[6.530s] Level 1:colcon.colcon_core.environment:create_environment_scripts_only(test_node)
[6.530s] Level 1:colcon.colcon_core.environment:checking '/home/vhorvat/Documents/master_thesis/ros2_ws/install/test_node' for CMake module files
[6.531s] Level 1:colcon.colcon_core.environment:checking '/home/vhorvat/Documents/master_thesis/ros2_ws/install/test_node' for CMake config files
[6.531s] Level 1:colcon.colcon_core.shell:create_environment_hook('test_node', 'cmake_prefix_path')
[6.531s] INFO:colcon.colcon_core.shell:Creating environment hook '/home/vhorvat/Documents/master_thesis/ros2_ws/install/test_node/share/test_node/hook/cmake_prefix_path.ps1'
[6.532s] INFO:colcon.colcon_core.shell:Creating environment descriptor '/home/vhorvat/Documents/master_thesis/ros2_ws/install/test_node/share/test_node/hook/cmake_prefix_path.dsv'
[6.532s] INFO:colcon.colcon_core.shell:Creating environment hook '/home/vhorvat/Documents/master_thesis/ros2_ws/install/test_node/share/test_node/hook/cmake_prefix_path.sh'
[6.533s] Level 1:colcon.colcon_core.environment:checking '/home/vhorvat/Documents/master_thesis/ros2_ws/install/test_node/lib'
[6.533s] Level 1:colcon.colcon_core.environment:checking '/home/vhorvat/Documents/master_thesis/ros2_ws/install/test_node/bin'
[6.534s] Level 1:colcon.colcon_core.environment:checking '/home/vhorvat/Documents/master_thesis/ros2_ws/install/test_node/lib/pkgconfig/test_node.pc'
[6.534s] Level 1:colcon.colcon_core.environment:checking '/home/vhorvat/Documents/master_thesis/ros2_ws/install/test_node/lib/python3.12/site-packages'
[6.534s] Level 1:colcon.colcon_core.environment:checking '/home/vhorvat/Documents/master_thesis/ros2_ws/install/test_node/bin'
[6.534s] INFO:colcon.colcon_core.shell:Creating package script '/home/vhorvat/Documents/master_thesis/ros2_ws/install/test_node/share/test_node/package.ps1'
[6.535s] INFO:colcon.colcon_core.shell:Creating package descriptor '/home/vhorvat/Documents/master_thesis/ros2_ws/install/test_node/share/test_node/package.dsv'
[6.536s] INFO:colcon.colcon_core.shell:Creating package script '/home/vhorvat/Documents/master_thesis/ros2_ws/install/test_node/share/test_node/package.sh'
[6.536s] INFO:colcon.colcon_core.shell:Creating package script '/home/vhorvat/Documents/master_thesis/ros2_ws/install/test_node/share/test_node/package.bash'
[6.537s] INFO:colcon.colcon_core.shell:Creating package script '/home/vhorvat/Documents/master_thesis/ros2_ws/install/test_node/share/test_node/package.zsh'
[6.538s] Level 1:colcon.colcon_core.environment:create_file_with_runtime_dependencies(/home/vhorvat/Documents/master_thesis/ros2_ws/install/test_node/share/colcon-core/packages/test_node)
[6.720s] DEBUG:colcon.colcon_core.event_handler.log_command:Invoked command in '/home/vhorvat/Documents/master_thesis/ros2_ws/build/dynamixel_mx64_control' returned '0': CMAKE_PREFIX_PATH=${CMAKE_PREFIX_PATH}:/opt/ros/jazzy DEBUGINFOD_URLS=https://debuginfod.ubuntu.com /usr/bin/cmake --build /home/vhorvat/Documents/master_thesis/ros2_ws/build/dynamixel_mx64_control -- -j16 -l16
[6.721s] DEBUG:colcon.colcon_core.event_handler.log_command:Invoking command in '/home/vhorvat/Documents/master_thesis/ros2_ws/build/dynamixel_mx64_control': CMAKE_PREFIX_PATH=${CMAKE_PREFIX_PATH}:/opt/ros/jazzy DEBUGINFOD_URLS=https://debuginfod.ubuntu.com /usr/bin/cmake --install /home/vhorvat/Documents/master_thesis/ros2_ws/build/dynamixel_mx64_control
[6.742s] Level 1:colcon.colcon_core.environment:create_environment_scripts_only(dynamixel_mx64_control)
[6.742s] Level 1:colcon.colcon_core.environment:checking '/home/vhorvat/Documents/master_thesis/ros2_ws/install/dynamixel_mx64_control' for CMake module files
[6.743s] DEBUG:colcon.colcon_core.event_handler.log_command:Invoked command in '/home/vhorvat/Documents/master_thesis/ros2_ws/build/dynamixel_mx64_control' returned '0': CMAKE_PREFIX_PATH=${CMAKE_PREFIX_PATH}:/opt/ros/jazzy DEBUGINFOD_URLS=https://debuginfod.ubuntu.com /usr/bin/cmake --install /home/vhorvat/Documents/master_thesis/ros2_ws/build/dynamixel_mx64_control
[6.744s] Level 1:colcon.colcon_core.environment:checking '/home/vhorvat/Documents/master_thesis/ros2_ws/install/dynamixel_mx64_control' for CMake config files
[6.744s] Level 1:colcon.colcon_core.shell:create_environment_hook('dynamixel_mx64_control', 'cmake_prefix_path')
[6.745s] INFO:colcon.colcon_core.shell:Creating environment hook '/home/vhorvat/Documents/master_thesis/ros2_ws/install/dynamixel_mx64_control/share/dynamixel_mx64_control/hook/cmake_prefix_path.ps1'
[6.745s] INFO:colcon.colcon_core.shell:Creating environment descriptor '/home/vhorvat/Documents/master_thesis/ros2_ws/install/dynamixel_mx64_control/share/dynamixel_mx64_control/hook/cmake_prefix_path.dsv'
[6.746s] INFO:colcon.colcon_core.shell:Creating environment hook '/home/vhorvat/Documents/master_thesis/ros2_ws/install/dynamixel_mx64_control/share/dynamixel_mx64_control/hook/cmake_prefix_path.sh'
[6.746s] Level 1:colcon.colcon_core.environment:checking '/home/vhorvat/Documents/master_thesis/ros2_ws/install/dynamixel_mx64_control/lib'
[6.747s] Level 1:colcon.colcon_core.environment:checking '/home/vhorvat/Documents/master_thesis/ros2_ws/install/dynamixel_mx64_control/bin'
[6.747s] Level 1:colcon.colcon_core.environment:checking '/home/vhorvat/Documents/master_thesis/ros2_ws/install/dynamixel_mx64_control/lib/pkgconfig/dynamixel_mx64_control.pc'
[6.747s] Level 1:colcon.colcon_core.environment:checking '/home/vhorvat/Documents/master_thesis/ros2_ws/install/dynamixel_mx64_control/lib/python3.12/site-packages'
[6.747s] Level 1:colcon.colcon_core.environment:checking '/home/vhorvat/Documents/master_thesis/ros2_ws/install/dynamixel_mx64_control/bin'
[6.748s] INFO:colcon.colcon_core.shell:Creating package script '/home/vhorvat/Documents/master_thesis/ros2_ws/install/dynamixel_mx64_control/share/dynamixel_mx64_control/package.ps1'
[6.748s] INFO:colcon.colcon_core.shell:Creating package descriptor '/home/vhorvat/Documents/master_thesis/ros2_ws/install/dynamixel_mx64_control/share/dynamixel_mx64_control/package.dsv'
[6.749s] INFO:colcon.colcon_core.shell:Creating package script '/home/vhorvat/Documents/master_thesis/ros2_ws/install/dynamixel_mx64_control/share/dynamixel_mx64_control/package.sh'
[6.749s] INFO:colcon.colcon_core.shell:Creating package script '/home/vhorvat/Documents/master_thesis/ros2_ws/install/dynamixel_mx64_control/share/dynamixel_mx64_control/package.bash'
[6.750s] INFO:colcon.colcon_core.shell:Creating package script '/home/vhorvat/Documents/master_thesis/ros2_ws/install/dynamixel_mx64_control/share/dynamixel_mx64_control/package.zsh'
[6.750s] Level 1:colcon.colcon_core.environment:create_file_with_runtime_dependencies(/home/vhorvat/Documents/master_thesis/ros2_ws/install/dynamixel_mx64_control/share/colcon-core/packages/dynamixel_mx64_control)
[6.751s] Level 1:colcon.colcon_core.environment:create_environment_scripts_only(dynamixel_mx64_control)
[6.751s] Level 1:colcon.colcon_core.environment:checking '/home/vhorvat/Documents/master_thesis/ros2_ws/install/dynamixel_mx64_control' for CMake module files
[6.752s] Level 1:colcon.colcon_core.environment:checking '/home/vhorvat/Documents/master_thesis/ros2_ws/install/dynamixel_mx64_control' for CMake config files
[6.753s] Level 1:colcon.colcon_core.shell:create_environment_hook('dynamixel_mx64_control', 'cmake_prefix_path')
[6.753s] INFO:colcon.colcon_core.shell:Creating environment hook '/home/vhorvat/Documents/master_thesis/ros2_ws/install/dynamixel_mx64_control/share/dynamixel_mx64_control/hook/cmake_prefix_path.ps1'
[6.753s] INFO:colcon.colcon_core.shell:Creating environment descriptor '/home/vhorvat/Documents/master_thesis/ros2_ws/install/dynamixel_mx64_control/share/dynamixel_mx64_control/hook/cmake_prefix_path.dsv'
[6.754s] INFO:colcon.colcon_core.shell:Creating environment hook '/home/vhorvat/Documents/master_thesis/ros2_ws/install/dynamixel_mx64_control/share/dynamixel_mx64_control/hook/cmake_prefix_path.sh'
[6.755s] Level 1:colcon.colcon_core.environment:checking '/home/vhorvat/Documents/master_thesis/ros2_ws/install/dynamixel_mx64_control/lib'
[6.755s] Level 1:colcon.colcon_core.environment:checking '/home/vhorvat/Documents/master_thesis/ros2_ws/install/dynamixel_mx64_control/bin'
[6.755s] Level 1:colcon.colcon_core.environment:checking '/home/vhorvat/Documents/master_thesis/ros2_ws/install/dynamixel_mx64_control/lib/pkgconfig/dynamixel_mx64_control.pc'
[6.755s] Level 1:colcon.colcon_core.environment:checking '/home/vhorvat/Documents/master_thesis/ros2_ws/install/dynamixel_mx64_control/lib/python3.12/site-packages'
[6.755s] Level 1:colcon.colcon_core.environment:checking '/home/vhorvat/Documents/master_thesis/ros2_ws/install/dynamixel_mx64_control/bin'
[6.756s] INFO:colcon.colcon_core.shell:Creating package script '/home/vhorvat/Documents/master_thesis/ros2_ws/install/dynamixel_mx64_control/share/dynamixel_mx64_control/package.ps1'
[6.756s] INFO:colcon.colcon_core.shell:Creating package descriptor '/home/vhorvat/Documents/master_thesis/ros2_ws/install/dynamixel_mx64_control/share/dynamixel_mx64_control/package.dsv'
[6.757s] INFO:colcon.colcon_core.shell:Creating package script '/home/vhorvat/Documents/master_thesis/ros2_ws/install/dynamixel_mx64_control/share/dynamixel_mx64_control/package.sh'
[6.758s] INFO:colcon.colcon_core.shell:Creating package script '/home/vhorvat/Documents/master_thesis/ros2_ws/install/dynamixel_mx64_control/share/dynamixel_mx64_control/package.bash'
[6.758s] INFO:colcon.colcon_core.shell:Creating package script '/home/vhorvat/Documents/master_thesis/ros2_ws/install/dynamixel_mx64_control/share/dynamixel_mx64_control/package.zsh'
[6.759s] Level 1:colcon.colcon_core.environment:create_file_with_runtime_dependencies(/home/vhorvat/Documents/master_thesis/ros2_ws/install/dynamixel_mx64_control/share/colcon-core/packages/dynamixel_mx64_control)
[6.759s] DEBUG:colcon.colcon_parallel_executor.executor.parallel:closing loop
[6.760s] DEBUG:colcon.colcon_parallel_executor.executor.parallel:loop closed
[6.760s] DEBUG:colcon.colcon_parallel_executor.executor.parallel:run_until_complete finished with '0'
[6.760s] DEBUG:colcon.colcon_core.event_reactor:joining thread
[6.769s] INFO:colcon.colcon_core.plugin_system:Skipping extension 'colcon_notification.desktop_notification.terminal_notifier': Not used on non-Darwin systems
[6.769s] INFO:colcon.colcon_core.plugin_system:Skipping extension 'colcon_notification.desktop_notification.win32': Not used on non-Windows systems
[6.769s] INFO:colcon.colcon_notification.desktop_notification:Sending desktop notification using 'notify2'
[6.792s] DEBUG:colcon.colcon_core.event_reactor:joined thread
[6.792s] INFO:colcon.colcon_core.shell:Creating prefix script '/home/vhorvat/Documents/master_thesis/ros2_ws/install/local_setup.ps1'
[6.794s] INFO:colcon.colcon_core.shell:Creating prefix util module '/home/vhorvat/Documents/master_thesis/ros2_ws/install/_local_setup_util_ps1.py'
[6.795s] INFO:colcon.colcon_core.shell:Creating prefix chain script '/home/vhorvat/Documents/master_thesis/ros2_ws/install/setup.ps1'
[6.797s] INFO:colcon.colcon_core.shell:Creating prefix script '/home/vhorvat/Documents/master_thesis/ros2_ws/install/local_setup.sh'
[6.797s] INFO:colcon.colcon_core.shell:Creating prefix util module '/home/vhorvat/Documents/master_thesis/ros2_ws/install/_local_setup_util_sh.py'
[6.798s] INFO:colcon.colcon_core.shell:Creating prefix chain script '/home/vhorvat/Documents/master_thesis/ros2_ws/install/setup.sh'
[6.799s] INFO:colcon.colcon_core.shell:Creating prefix script '/home/vhorvat/Documents/master_thesis/ros2_ws/install/local_setup.bash'
[6.800s] INFO:colcon.colcon_core.shell:Creating prefix chain script '/home/vhorvat/Documents/master_thesis/ros2_ws/install/setup.bash'
[6.801s] INFO:colcon.colcon_core.shell:Creating prefix script '/home/vhorvat/Documents/master_thesis/ros2_ws/install/local_setup.zsh'
[6.802s] INFO:colcon.colcon_core.shell:Creating prefix chain script '/home/vhorvat/Documents/master_thesis/ros2_ws/install/setup.zsh'
