[0.027s] Invoking command in '/home/vhorvat/Documents/ros2_ws/src/build/dynamixel_mx64_control': CMAKE_PREFIX_PATH=${CMAKE_PREFIX_PATH}:/opt/ros/jazzy DEBUGINFOD_URLS=https://debuginfod.ubuntu.com /usr/bin/cmake --build /home/vhorvat/Documents/ros2_ws/src/build/dynamixel_mx64_control -- -j16 -l16
[0.130s] [ 50%] [32mBuilding CXX object CMakeFiles/dynamixel_control_node.dir/src/dynamixel_control_node.cpp.o[0m
[0.445s] [100%] [32m[1mLinking CXX executable dynamixel_control_node[0m
[0.595s] [100%] Built target dynamixel_control_node
[0.623s] Invoked command in '/home/vhorvat/Documents/ros2_ws/src/build/dynamixel_mx64_control' returned '0': CMAKE_PREFIX_PATH=${CMAKE_PREFIX_PATH}:/opt/ros/jazzy DEBUGINFOD_URLS=https://debuginfod.ubuntu.com /usr/bin/cmake --build /home/vhorvat/Documents/ros2_ws/src/build/dynamixel_mx64_control -- -j16 -l16
[0.626s] Invoking command in '/home/vhorvat/Documents/ros2_ws/src/build/dynamixel_mx64_control': CMAKE_PREFIX_PATH=${CMAKE_PREFIX_PATH}:/opt/ros/jazzy DEBUGINFOD_URLS=https://debuginfod.ubuntu.com /usr/bin/cmake --install /home/vhorvat/Documents/ros2_ws/src/build/dynamixel_mx64_control
[0.641s] -- Install configuration: ""
[0.641s] -- Installing: /home/vhorvat/Documents/ros2_ws/src/install/dynamixel_mx64_control/lib/dynamixel_mx64_control/dynamixel_control_node
[0.642s] -- Set non-toolchain portion of runtime path of "/home/vhorvat/Documents/ros2_ws/src/install/dynamixel_mx64_control/lib/dynamixel_mx64_control/dynamixel_control_node" to ""
[0.642s] -- Up-to-date: /home/vhorvat/Documents/ros2_ws/src/install/dynamixel_mx64_control/share/ament_index/resource_index/package_run_dependencies/dynamixel_mx64_control
[0.642s] -- Up-to-date: /home/vhorvat/Documents/ros2_ws/src/install/dynamixel_mx64_control/share/ament_index/resource_index/parent_prefix_path/dynamixel_mx64_control
[0.643s] -- Up-to-date: /home/vhorvat/Documents/ros2_ws/src/install/dynamixel_mx64_control/share/dynamixel_mx64_control/environment/ament_prefix_path.sh
[0.643s] -- Up-to-date: /home/vhorvat/Documents/ros2_ws/src/install/dynamixel_mx64_control/share/dynamixel_mx64_control/environment/ament_prefix_path.dsv
[0.643s] -- Up-to-date: /home/vhorvat/Documents/ros2_ws/src/install/dynamixel_mx64_control/share/dynamixel_mx64_control/environment/path.sh
[0.643s] -- Up-to-date: /home/vhorvat/Documents/ros2_ws/src/install/dynamixel_mx64_control/share/dynamixel_mx64_control/environment/path.dsv
[0.643s] -- Up-to-date: /home/vhorvat/Documents/ros2_ws/src/install/dynamixel_mx64_control/share/dynamixel_mx64_control/local_setup.bash
[0.643s] -- Up-to-date: /home/vhorvat/Documents/ros2_ws/src/install/dynamixel_mx64_control/share/dynamixel_mx64_control/local_setup.sh
[0.644s] -- Up-to-date: /home/vhorvat/Documents/ros2_ws/src/install/dynamixel_mx64_control/share/dynamixel_mx64_control/local_setup.zsh
[0.644s] -- Up-to-date: /home/vhorvat/Documents/ros2_ws/src/install/dynamixel_mx64_control/share/dynamixel_mx64_control/local_setup.dsv
[0.644s] -- Installing: /home/vhorvat/Documents/ros2_ws/src/install/dynamixel_mx64_control/share/dynamixel_mx64_control/package.dsv
[0.644s] -- Up-to-date: /home/vhorvat/Documents/ros2_ws/src/install/dynamixel_mx64_control/share/ament_index/resource_index/packages/dynamixel_mx64_control
[0.644s] -- Up-to-date: /home/vhorvat/Documents/ros2_ws/src/install/dynamixel_mx64_control/share/dynamixel_mx64_control/cmake/dynamixel_mx64_controlConfig.cmake
[0.644s] -- Up-to-date: /home/vhorvat/Documents/ros2_ws/src/install/dynamixel_mx64_control/share/dynamixel_mx64_control/cmake/dynamixel_mx64_controlConfig-version.cmake
[0.644s] -- Up-to-date: /home/vhorvat/Documents/ros2_ws/src/install/dynamixel_mx64_control/share/dynamixel_mx64_control/package.xml
[0.647s] Invoked command in '/home/vhorvat/Documents/ros2_ws/src/build/dynamixel_mx64_control' returned '0': CMAKE_PREFIX_PATH=${CMAKE_PREFIX_PATH}:/opt/ros/jazzy DEBUGINFOD_URLS=https://debuginfod.ubuntu.com /usr/bin/cmake --install /home/vhorvat/Documents/ros2_ws/src/build/dynamixel_mx64_control
