[0.027s] Invoking command in '/home/vhorvat/Documents/ros2_ws/src/build/dynamixel_mx64_control': CMAKE_PREFIX_PATH=${CMAKE_PREFIX_PATH}:/opt/ros/jazzy DEBUGINFOD_URLS=https://debuginfod.ubuntu.com /usr/bin/cmake --build /home/vhorvat/Documents/ros2_ws/src/build/dynamixel_mx64_control -- -j16 -l16
[0.150s] [ 50%] [32mBuilding CXX object CMakeFiles/dynamixel_control_node.dir/src/dynamixel_control_node.cpp.o[0m
[4.823s] [100%] [32m[1mLinking CXX executable dynamixel_control_node[0m
[5.008s] [100%] Built target dynamixel_control_node
[5.027s] Invoked command in '/home/vhorvat/Documents/ros2_ws/src/build/dynamixel_mx64_control' returned '0': CMAKE_PREFIX_PATH=${CMAKE_PREFIX_PATH}:/opt/ros/jazzy DEBUGINFOD_URLS=https://debuginfod.ubuntu.com /usr/bin/cmake --build /home/vhorvat/Documents/ros2_ws/src/build/dynamixel_mx64_control -- -j16 -l16
[5.030s] Invoking command in '/home/vhorvat/Documents/ros2_ws/src/build/dynamixel_mx64_control': CMAKE_PREFIX_PATH=${CMAKE_PREFIX_PATH}:/opt/ros/jazzy DEBUGINFOD_URLS=https://debuginfod.ubuntu.com /usr/bin/cmake --install /home/vhorvat/Documents/ros2_ws/src/build/dynamixel_mx64_control
[5.045s] -- Install configuration: ""
[5.045s] -- Installing: /home/vhorvat/Documents/ros2_ws/src/install/dynamixel_mx64_control/lib/dynamixel_mx64_control/dynamixel_control_node
[5.046s] -- Set non-toolchain portion of runtime path of "/home/vhorvat/Documents/ros2_ws/src/install/dynamixel_mx64_control/lib/dynamixel_mx64_control/dynamixel_control_node" to ""
[5.046s] -- Up-to-date: /home/vhorvat/Documents/ros2_ws/src/install/dynamixel_mx64_control/share/ament_index/resource_index/package_run_dependencies/dynamixel_mx64_control
[5.047s] -- Up-to-date: /home/vhorvat/Documents/ros2_ws/src/install/dynamixel_mx64_control/share/ament_index/resource_index/parent_prefix_path/dynamixel_mx64_control
[5.047s] -- Up-to-date: /home/vhorvat/Documents/ros2_ws/src/install/dynamixel_mx64_control/share/dynamixel_mx64_control/environment/ament_prefix_path.sh
[5.047s] -- Up-to-date: /home/vhorvat/Documents/ros2_ws/src/install/dynamixel_mx64_control/share/dynamixel_mx64_control/environment/ament_prefix_path.dsv
[5.047s] -- Up-to-date: /home/vhorvat/Documents/ros2_ws/src/install/dynamixel_mx64_control/share/dynamixel_mx64_control/environment/path.sh
[5.048s] -- Up-to-date: /home/vhorvat/Documents/ros2_ws/src/install/dynamixel_mx64_control/share/dynamixel_mx64_control/environment/path.dsv
[5.048s] -- Up-to-date: /home/vhorvat/Documents/ros2_ws/src/install/dynamixel_mx64_control/share/dynamixel_mx64_control/local_setup.bash
[5.048s] -- Up-to-date: /home/vhorvat/Documents/ros2_ws/src/install/dynamixel_mx64_control/share/dynamixel_mx64_control/local_setup.sh
[5.048s] -- Up-to-date: /home/vhorvat/Documents/ros2_ws/src/install/dynamixel_mx64_control/share/dynamixel_mx64_control/local_setup.zsh
[5.048s] -- Up-to-date: /home/vhorvat/Documents/ros2_ws/src/install/dynamixel_mx64_control/share/dynamixel_mx64_control/local_setup.dsv
[5.048s] -- Installing: /home/vhorvat/Documents/ros2_ws/src/install/dynamixel_mx64_control/share/dynamixel_mx64_control/package.dsv
[5.049s] -- Up-to-date: /home/vhorvat/Documents/ros2_ws/src/install/dynamixel_mx64_control/share/ament_index/resource_index/packages/dynamixel_mx64_control
[5.049s] -- Up-to-date: /home/vhorvat/Documents/ros2_ws/src/install/dynamixel_mx64_control/share/dynamixel_mx64_control/cmake/dynamixel_mx64_controlConfig.cmake
[5.049s] -- Up-to-date: /home/vhorvat/Documents/ros2_ws/src/install/dynamixel_mx64_control/share/dynamixel_mx64_control/cmake/dynamixel_mx64_controlConfig-version.cmake
[5.049s] -- Up-to-date: /home/vhorvat/Documents/ros2_ws/src/install/dynamixel_mx64_control/share/dynamixel_mx64_control/package.xml
[5.052s] Invoked command in '/home/vhorvat/Documents/ros2_ws/src/build/dynamixel_mx64_control' returned '0': CMAKE_PREFIX_PATH=${CMAKE_PREFIX_PATH}:/opt/ros/jazzy DEBUGINFOD_URLS=https://debuginfod.ubuntu.com /usr/bin/cmake --install /home/vhorvat/Documents/ros2_ws/src/build/dynamixel_mx64_control
