[0.021s] Invoking command in '/home/vhorvat/Documents/ros2_ws/build/dynamixel_mx64_control': CMAKE_PREFIX_PATH=${CMAKE_PREFIX_PATH}:/opt/ros/jazzy DEBUGINFOD_URLS=https://debuginfod.ubuntu.com /usr/bin/cmake /home/vhorvat/Documents/ros2_ws/src/dynamixel_mx64_control -DCMAKE_INSTALL_PREFIX=/home/vhorvat/Documents/ros2_ws/install/dynamixel_mx64_control
[0.123s] -- The C compiler identification is GNU 13.3.0
[0.217s] -- The CXX compiler identification is GNU 13.3.0
[0.244s] -- Detecting C compiler ABI info
[0.393s] -- Detecting C compiler ABI info - done
[0.408s] -- Check for working C compiler: /usr/bin/cc - skipped
[0.409s] -- Detecting C compile features
[0.409s] -- Detecting C compile features - done
[0.426s] -- Detecting CXX compiler ABI info
[0.594s] -- Detecting CXX compiler ABI info - done
[0.610s] -- Check for working CXX compiler: /usr/bin/c++ - skipped
[0.610s] -- Detecting CXX compile features
[0.610s] -- Detecting CXX compile features - done
[0.615s] -- Found ament_cmake: 2.5.3 (/opt/ros/jazzy/share/ament_cmake/cmake)
[0.851s] -- Found Python3: /usr/bin/python3 (found version "3.12.3") found components: Interpreter 
[1.016s] -- Found rclcpp: 28.1.6 (/opt/ros/jazzy/share/rclcpp/cmake)
[1.078s] -- Found rosidl_generator_c: 4.6.5 (/opt/ros/jazzy/share/rosidl_generator_c/cmake)
[1.099s] -- Found rosidl_generator_cpp: 4.6.5 (/opt/ros/jazzy/share/rosidl_generator_cpp/cmake)
[1.123s] -- Using all available rosidl_typesupport_c: rosidl_typesupport_fastrtps_c;rosidl_typesupport_introspection_c
[1.151s] -- Using all available rosidl_typesupport_cpp: rosidl_typesupport_fastrtps_cpp;rosidl_typesupport_introspection_cpp
[1.272s] -- Found rmw_implementation_cmake: 7.3.1 (/opt/ros/jazzy/share/rmw_implementation_cmake/cmake)
[1.277s] -- Found rmw_fastrtps_cpp: 8.4.1 (/opt/ros/jazzy/share/rmw_fastrtps_cpp/cmake)
[1.418s] -- Found OpenSSL: /usr/lib/x86_64-linux-gnu/libcrypto.so (found version "3.0.13")  
[1.453s] -- Found FastRTPS: /opt/ros/jazzy/include (Required is at least version "2.13") 
[1.495s] -- Using RMW implementation 'rmw_fastrtps_cpp' as default
[1.772s] -- Configuring done (1.7s)
[1.789s] -- Generating done (0.0s)
[1.795s] -- Build files have been written to: /home/vhorvat/Documents/ros2_ws/build/dynamixel_mx64_control
[1.816s] Invoked command in '/home/vhorvat/Documents/ros2_ws/build/dynamixel_mx64_control' returned '0': CMAKE_PREFIX_PATH=${CMAKE_PREFIX_PATH}:/opt/ros/jazzy DEBUGINFOD_URLS=https://debuginfod.ubuntu.com /usr/bin/cmake /home/vhorvat/Documents/ros2_ws/src/dynamixel_mx64_control -DCMAKE_INSTALL_PREFIX=/home/vhorvat/Documents/ros2_ws/install/dynamixel_mx64_control
[1.818s] Invoking command in '/home/vhorvat/Documents/ros2_ws/build/dynamixel_mx64_control': CMAKE_PREFIX_PATH=${CMAKE_PREFIX_PATH}:/opt/ros/jazzy DEBUGINFOD_URLS=https://debuginfod.ubuntu.com /usr/bin/cmake --build /home/vhorvat/Documents/ros2_ws/build/dynamixel_mx64_control -- -j16 -l16
[1.903s] [ 50%] [32mBuilding CXX object CMakeFiles/dynamixel_control_node.dir/src/dynamixel_control_node.cpp.o[0m
[6.174s] [100%] [32m[1mLinking CXX executable dynamixel_control_node[0m
[6.355s] [100%] Built target dynamixel_control_node
[6.374s] Invoked command in '/home/vhorvat/Documents/ros2_ws/build/dynamixel_mx64_control' returned '0': CMAKE_PREFIX_PATH=${CMAKE_PREFIX_PATH}:/opt/ros/jazzy DEBUGINFOD_URLS=https://debuginfod.ubuntu.com /usr/bin/cmake --build /home/vhorvat/Documents/ros2_ws/build/dynamixel_mx64_control -- -j16 -l16
[6.376s] Invoking command in '/home/vhorvat/Documents/ros2_ws/build/dynamixel_mx64_control': CMAKE_PREFIX_PATH=${CMAKE_PREFIX_PATH}:/opt/ros/jazzy DEBUGINFOD_URLS=https://debuginfod.ubuntu.com /usr/bin/cmake --install /home/vhorvat/Documents/ros2_ws/build/dynamixel_mx64_control
[6.388s] -- Install configuration: ""
[6.388s] -- Installing: /home/vhorvat/Documents/ros2_ws/install/dynamixel_mx64_control/lib/dynamixel_mx64_control/dynamixel_control_node
[6.390s] -- Set non-toolchain portion of runtime path of "/home/vhorvat/Documents/ros2_ws/install/dynamixel_mx64_control/lib/dynamixel_mx64_control/dynamixel_control_node" to ""
[6.390s] -- Installing: /home/vhorvat/Documents/ros2_ws/install/dynamixel_mx64_control/share/ament_index/resource_index/package_run_dependencies/dynamixel_mx64_control
[6.390s] -- Installing: /home/vhorvat/Documents/ros2_ws/install/dynamixel_mx64_control/share/ament_index/resource_index/parent_prefix_path/dynamixel_mx64_control
[6.391s] -- Installing: /home/vhorvat/Documents/ros2_ws/install/dynamixel_mx64_control/share/dynamixel_mx64_control/environment/ament_prefix_path.sh
[6.391s] -- Installing: /home/vhorvat/Documents/ros2_ws/install/dynamixel_mx64_control/share/dynamixel_mx64_control/environment/ament_prefix_path.dsv
[6.392s] -- Installing: /home/vhorvat/Documents/ros2_ws/install/dynamixel_mx64_control/share/dynamixel_mx64_control/environment/path.sh
[6.392s] -- Installing: /home/vhorvat/Documents/ros2_ws/install/dynamixel_mx64_control/share/dynamixel_mx64_control/environment/path.dsv
[6.392s] -- Installing: /home/vhorvat/Documents/ros2_ws/install/dynamixel_mx64_control/share/dynamixel_mx64_control/local_setup.bash
[6.393s] -- Installing: /home/vhorvat/Documents/ros2_ws/install/dynamixel_mx64_control/share/dynamixel_mx64_control/local_setup.sh
[6.393s] -- Installing: /home/vhorvat/Documents/ros2_ws/install/dynamixel_mx64_control/share/dynamixel_mx64_control/local_setup.zsh
[6.393s] -- Installing: /home/vhorvat/Documents/ros2_ws/install/dynamixel_mx64_control/share/dynamixel_mx64_control/local_setup.dsv
[6.394s] -- Installing: /home/vhorvat/Documents/ros2_ws/install/dynamixel_mx64_control/share/dynamixel_mx64_control/package.dsv
[6.394s] -- Installing: /home/vhorvat/Documents/ros2_ws/install/dynamixel_mx64_control/share/ament_index/resource_index/packages/dynamixel_mx64_control
[6.395s] -- Installing: /home/vhorvat/Documents/ros2_ws/install/dynamixel_mx64_control/share/dynamixel_mx64_control/cmake/dynamixel_mx64_controlConfig.cmake
[6.395s] -- Installing: /home/vhorvat/Documents/ros2_ws/install/dynamixel_mx64_control/share/dynamixel_mx64_control/cmake/dynamixel_mx64_controlConfig-version.cmake
[6.395s] -- Installing: /home/vhorvat/Documents/ros2_ws/install/dynamixel_mx64_control/share/dynamixel_mx64_control/package.xml
[6.398s] Invoked command in '/home/vhorvat/Documents/ros2_ws/build/dynamixel_mx64_control' returned '0': CMAKE_PREFIX_PATH=${CMAKE_PREFIX_PATH}:/opt/ros/jazzy DEBUGINFOD_URLS=https://debuginfod.ubuntu.com /usr/bin/cmake --install /home/vhorvat/Documents/ros2_ws/build/dynamixel_mx64_control
